Index may not exist
Index may not exist
Index may not exist
Count decreased...
Start Count: 0
Watching for changes in count...  Use Ctrl-C to Exit.

|Query Number|Sample Number|Epoch (ms)    |Time (s) |Count             |Linear Reg. Rate  |Rate From Previous|Rate From First   |
|------------|-------------|--------------|---------|------------------|------------------|------------------|------------------|
|          1 |           1 |1565212484188 |       0 |       10,366,998 |                  |                  |                  |
|          2 |           2 |1565212554245 |      70 |       22,131,600 |          167,929 |          167,929 |          167,929 |
|          3 |           3 |1565212624149 |     139 |       31,818,692 |          153,274 |          138,577 |          153,269 |
|          4 |           4 |1565212694148 |     209 |       40,000,000 |          140,883 |          116,877 |          141,136 |

For last 70  seconds the count has not increased...
Removing sample: 279|40000000
Total Count: 40,000,000 | Linear Regression Rate:  153,274 | Linear Regression Standard Error: 8.47 | Average Rate: 153,269

Start Count: 40000000
Watching for changes in count...  Use Ctrl-C to Exit.

|Query Number|Sample Number|Epoch (ms)    |Time (s) |Count             |Linear Reg. Rate  |Rate From Previous|Rate From First   |
|------------|-------------|--------------|---------|------------------|------------------|------------------|------------------|
Count decreased...
Start Count: 0
Watching for changes in count...  Use Ctrl-C to Exit.

|Query Number|Sample Number|Epoch (ms)    |Time (s) |Count             |Linear Reg. Rate  |Rate From Previous|Rate From First   |
|------------|-------------|--------------|---------|------------------|------------------|------------------|------------------|
|          1 |           1 |1565213394198 |       0 |       23,082,508 |                  |                  |                  |
|          2 |           2 |1565213464182 |      69 |       33,605,860 |          150,368 |          150,368 |          150,368 |
|          3 |           3 |1565213534146 |     139 |       40,000,000 |          120,886 |           91,392 |          120,884 |

For last 70  seconds the count has not increased...
Removing sample: 209|40000000
Total Count: 40,000,000 | Linear Regression Rate:  150,368 | Average Rate: 150,368

Start Count: 40000000
Watching for changes in count...  Use Ctrl-C to Exit.

|Query Number|Sample Number|Epoch (ms)    |Time (s) |Count             |Linear Reg. Rate  |Rate From Previous|Rate From First   |
|------------|-------------|--------------|---------|------------------|------------------|------------------|------------------|
Index may not exist
Count decreased...
Start Count: 0
Watching for changes in count...  Use Ctrl-C to Exit.

|Query Number|Sample Number|Epoch (ms)    |Time (s) |Count             |Linear Reg. Rate  |Rate From Previous|Rate From First   |
|------------|-------------|--------------|---------|------------------|------------------|------------------|------------------|
|          1 |           1 |1565214234152 |       0 |       11,638,058 |                  |                  |                  |
|          2 |           2 |1565214304150 |      69 |       23,013,090 |          162,505 |          162,505 |          162,505 |
|          3 |           3 |1565214374150 |     139 |       33,982,018 |          159,602 |          156,699 |          159,602 |
|          4 |           4 |1565214444151 |     209 |       40,000,000 |          137,222 |           85,970 |          135,058 |

For last 70  seconds the count has not increased...
Removing sample: 279|40000000
Total Count: 40,000,000 | Linear Regression Rate:  159,602 | Linear Regression Standard Error: 1.68 | Average Rate: 159,602

Start Count: 40000000
Watching for changes in count...  Use Ctrl-C to Exit.

|Query Number|Sample Number|Epoch (ms)    |Time (s) |Count             |Linear Reg. Rate  |Rate From Previous|Rate From First   |
|------------|-------------|--------------|---------|------------------|------------------|------------------|------------------|
Count decreased...
Start Count: 0
Watching for changes in count...  Use Ctrl-C to Exit.

|Query Number|Sample Number|Epoch (ms)    |Time (s) |Count             |Linear Reg. Rate  |Rate From Previous|Rate From First   |
|------------|-------------|--------------|---------|------------------|------------------|------------------|------------------|
|          1 |           1 |1565215144148 |       0 |       10,333,155 |                  |                  |                  |
|          2 |           2 |1565215214183 |      70 |       33,139,915 |          325,648 |          325,648 |          325,648 |
|          3 |           3 |1565215284153 |     140 |       40,000,000 |          211,916 |           98,043 |          211,898 |

For last 70  seconds the count has not increased...
Removing sample: 210|40000000
Total Count: 40,000,000 | Linear Regression Rate:  325,648 | Average Rate: 325,648

Start Count: 40000000
Watching for changes in count...  Use Ctrl-C to Exit.

|Query Number|Sample Number|Epoch (ms)    |Time (s) |Count             |Linear Reg. Rate  |Rate From Previous|Rate From First   |
|------------|-------------|--------------|---------|------------------|------------------|------------------|------------------|
Count decreased...
Start Count: 0
Watching for changes in count...  Use Ctrl-C to Exit.

|Query Number|Sample Number|Epoch (ms)    |Time (s) |Count             |Linear Reg. Rate  |Rate From Previous|Rate From First   |
|------------|-------------|--------------|---------|------------------|------------------|------------------|------------------|
|          1 |           1 |1565215984157 |       0 |       11,464,243 |                  |                  |                  |
|          2 |           2 |1565216054188 |      70 |       23,102,727 |          166,190 |          166,190 |          166,190 |
|          3 |           3 |1565216124171 |     140 |       32,436,662 |          149,790 |          133,374 |          149,788 |
|          4 |           4 |1565216194155 |     209 |       40,000,000 |          135,637 |          108,072 |          135,886 |

For last 70  seconds the count has not increased...
Removing sample: 279|40000000
Total Count: 40,000,000 | Linear Regression Rate:  149,790 | Linear Regression Standard Error: 9.47 | Average Rate: 149,788

Start Count: 40000000
Watching for changes in count...  Use Ctrl-C to Exit.

|Query Number|Sample Number|Epoch (ms)    |Time (s) |Count             |Linear Reg. Rate  |Rate From Previous|Rate From First   |
|------------|-------------|--------------|---------|------------------|------------------|------------------|------------------|
Count decreased...
Start Count: 0
Watching for changes in count...  Use Ctrl-C to Exit.

|Query Number|Sample Number|Epoch (ms)    |Time (s) |Count             |Linear Reg. Rate  |Rate From Previous|Rate From First   |
|------------|-------------|--------------|---------|------------------|------------------|------------------|------------------|
|          1 |           1 |1565216894153 |       0 |       11,451,476 |                  |                  |                  |
|          2 |           2 |1565216964157 |      70 |       23,248,564 |          168,520 |          168,520 |          168,520 |
|          3 |           3 |1565217034157 |     140 |       40,000,000 |          203,912 |          239,306 |          203,912 |

For last 70  seconds the count has not increased...
Removing sample: 210|40000000
Total Count: 40,000,000 | Linear Regression Rate:  168,520 | Average Rate: 168,520

Start Count: 40000000
Watching for changes in count...  Use Ctrl-C to Exit.

|Query Number|Sample Number|Epoch (ms)    |Time (s) |Count             |Linear Reg. Rate  |Rate From Previous|Rate From First   |
|------------|-------------|--------------|---------|------------------|------------------|------------------|------------------|
Count decreased...
Start Count: 0
Watching for changes in count...  Use Ctrl-C to Exit.

|Query Number|Sample Number|Epoch (ms)    |Time (s) |Count             |Linear Reg. Rate  |Rate From Previous|Rate From First   |
|------------|-------------|--------------|---------|------------------|------------------|------------------|------------------|
|          1 |           1 |1565217734156 |       0 |       11,430,445 |                  |                  |                  |
|          2 |           2 |1565217804156 |      70 |       23,009,159 |          165,410 |          165,410 |          165,410 |
|          3 |           3 |1565217874161 |     140 |       33,556,258 |          158,036 |          150,662 |          158,036 |
|          4 |           4 |1565217944158 |     210 |       40,000,000 |          137,506 |           92,057 |          136,044 |

For last 70  seconds the count has not increased...
Removing sample: 280|40000000
Total Count: 40,000,000 | Linear Regression Rate:  158,036 | Linear Regression Standard Error: 4.26 | Average Rate: 158,036

Start Count: 40000000
Watching for changes in count...  Use Ctrl-C to Exit.

|Query Number|Sample Number|Epoch (ms)    |Time (s) |Count             |Linear Reg. Rate  |Rate From Previous|Rate From First   |
|------------|-------------|--------------|---------|------------------|------------------|------------------|------------------|
Count decreased...
Start Count: 0
Watching for changes in count...  Use Ctrl-C to Exit.

|Query Number|Sample Number|Epoch (ms)    |Time (s) |Count             |Linear Reg. Rate  |Rate From Previous|Rate From First   |
|------------|-------------|--------------|---------|------------------|------------------|------------------|------------------|
|          1 |           1 |1565218644161 |       0 |       10,893,387 |                  |                  |                  |
|          2 |           2 |1565218714190 |      70 |       21,987,044 |          158,415 |          158,415 |          158,415 |
|          3 |           3 |1565218784168 |     140 |       30,852,233 |          142,558 |          126,685 |          142,556 |
|          4 |           4 |1565218854161 |     210 |       40,000,000 |          137,413 |          130,695 |          138,603 |

For last 70  seconds the count has not increased...
Removing sample: 280|40000000
Total Count: 40,000,000 | Linear Regression Rate:  142,558 | Linear Regression Standard Error: 9.16 | Average Rate: 142,556

Start Count: 40000000
Watching for changes in count...  Use Ctrl-C to Exit.

|Query Number|Sample Number|Epoch (ms)    |Time (s) |Count             |Linear Reg. Rate  |Rate From Previous|Rate From First   |
|------------|-------------|--------------|---------|------------------|------------------|------------------|------------------|
Count decreased...
Start Count: 0
Watching for changes in count...  Use Ctrl-C to Exit.

|Query Number|Sample Number|Epoch (ms)    |Time (s) |Count             |Linear Reg. Rate  |Rate From Previous|Rate From First   |
|------------|-------------|--------------|---------|------------------|------------------|------------------|------------------|
|          1 |           1 |1565219554162 |       0 |       22,596,076 |                  |                  |                  |
|          2 |           2 |1565219624161 |      69 |       33,273,366 |          152,535 |          152,535 |          152,535 |
|          3 |           3 |1565219694160 |     139 |       40,000,000 |          124,316 |           96,096 |          124,316 |

For last 70  seconds the count has not increased...
Removing sample: 210|40000000
Total Count: 40,000,000 | Linear Regression Rate:  152,535 | Average Rate: 152,535

Start Count: 40000000
Watching for changes in count...  Use Ctrl-C to Exit.

|Query Number|Sample Number|Epoch (ms)    |Time (s) |Count             |Linear Reg. Rate  |Rate From Previous|Rate From First   |
|------------|-------------|--------------|---------|------------------|------------------|------------------|------------------|
Index may not exist
Count decreased...
Start Count: 0
Watching for changes in count...  Use Ctrl-C to Exit.

|Query Number|Sample Number|Epoch (ms)    |Time (s) |Count             |Linear Reg. Rate  |Rate From Previous|Rate From First   |
|------------|-------------|--------------|---------|------------------|------------------|------------------|------------------|
|          1 |           1 |1565220394164 |       0 |       11,641,391 |                  |                  |                  |
|          2 |           2 |1565220464163 |      69 |       22,875,141 |          160,484 |          160,484 |          160,484 |
|          3 |           3 |1565220534163 |     139 |       33,588,399 |          156,765 |          153,047 |          156,765 |
|          4 |           4 |1565220604163 |     209 |       40,000,000 |          136,842 |           91,594 |          135,042 |

For last 70  seconds the count has not increased...
Removing sample: 280|40000000
Total Count: 40,000,000 | Linear Regression Rate:  156,765 | Linear Regression Standard Error: 2.15 | Average Rate: 156,765

Start Count: 40000000
Watching for changes in count...  Use Ctrl-C to Exit.

|Query Number|Sample Number|Epoch (ms)    |Time (s) |Count             |Linear Reg. Rate  |Rate From Previous|Rate From First   |
|------------|-------------|--------------|---------|------------------|------------------|------------------|------------------|
Count decreased...
Start Count: 0
Watching for changes in count...  Use Ctrl-C to Exit.

|Query Number|Sample Number|Epoch (ms)    |Time (s) |Count             |Linear Reg. Rate  |Rate From Previous|Rate From First   |
|------------|-------------|--------------|---------|------------------|------------------|------------------|------------------|
|          1 |           1 |1565221304186 |       0 |       11,469,393 |                  |                  |                  |
|          2 |           2 |1565221374164 |      69 |       34,278,297 |          325,944 |          325,944 |          325,944 |
|          3 |           3 |1565221444162 |     139 |       40,000,000 |          203,819 |           81,741 |          203,825 |

For last 70  seconds the count has not increased...
Removing sample: 209|40000000
Total Count: 40,000,000 | Linear Regression Rate:  325,944 | Average Rate: 325,944

Start Count: 40000000
Watching for changes in count...  Use Ctrl-C to Exit.

|Query Number|Sample Number|Epoch (ms)    |Time (s) |Count             |Linear Reg. Rate  |Rate From Previous|Rate From First   |
|------------|-------------|--------------|---------|------------------|------------------|------------------|------------------|
Count decreased...
Start Count: 0
Watching for changes in count...  Use Ctrl-C to Exit.

|Query Number|Sample Number|Epoch (ms)    |Time (s) |Count             |Linear Reg. Rate  |Rate From Previous|Rate From First   |
|------------|-------------|--------------|---------|------------------|------------------|------------------|------------------|
|          1 |           1 |1565222144163 |       0 |       11,462,627 |                  |                  |                  |
|          2 |           2 |1565222214165 |      70 |       23,003,987 |          164,872 |          164,872 |          164,872 |
|          3 |           3 |1565222284164 |     140 |       33,503,393 |          157,433 |          149,994 |          157,433 |
|          4 |           4 |1565222354162 |     209 |       40,000,000 |          137,303 |           92,811 |          135,893 |

For last 70  seconds the count has not increased...
Removing sample: 280|40000000
Total Count: 40,000,000 | Linear Regression Rate:  157,433 | Linear Regression Standard Error: 4.29 | Average Rate: 157,433

Start Count: 40000000
Watching for changes in count...  Use Ctrl-C to Exit.

|Query Number|Sample Number|Epoch (ms)    |Time (s) |Count             |Linear Reg. Rate  |Rate From Previous|Rate From First   |
|------------|-------------|--------------|---------|------------------|------------------|------------------|------------------|
Count decreased...
Start Count: 0
Watching for changes in count...  Use Ctrl-C to Exit.

|Query Number|Sample Number|Epoch (ms)    |Time (s) |Count             |Linear Reg. Rate  |Rate From Previous|Rate From First   |
|------------|-------------|--------------|---------|------------------|------------------|------------------|------------------|
|          1 |           1 |1565223054167 |       0 |       11,675,839 |                  |                  |                  |
|          2 |           2 |1565223124167 |      70 |       23,281,312 |          165,792 |          165,792 |          165,792 |
|          3 |           3 |1565223194167 |     140 |       36,820,755 |          179,607 |          193,421 |          179,607 |
|          4 |           4 |1565223264164 |     209 |       40,000,000 |          140,733 |           45,420 |          134,879 |

For last 70  seconds the count has not increased...
Removing sample: 279|40000000
Total Count: 40,000,000 | Linear Regression Rate:  179,607 | Linear Regression Standard Error: 7.98 | Average Rate: 179,607

Start Count: 40000000
Watching for changes in count...  Use Ctrl-C to Exit.

|Query Number|Sample Number|Epoch (ms)    |Time (s) |Count             |Linear Reg. Rate  |Rate From Previous|Rate From First   |
|------------|-------------|--------------|---------|------------------|------------------|------------------|------------------|
Count decreased...
Start Count: 0
Watching for changes in count...  Use Ctrl-C to Exit.

|Query Number|Sample Number|Epoch (ms)    |Time (s) |Count             |Linear Reg. Rate  |Rate From Previous|Rate From First   |
|------------|-------------|--------------|---------|------------------|------------------|------------------|------------------|
|          1 |           1 |1565223894166 |       0 |       11,415,862 |                  |                  |                  |
|          2 |           2 |1565223964166 |      70 |       22,669,806 |          160,771 |          160,771 |          160,771 |
|          3 |           3 |1565224034169 |     140 |       33,836,225 |          160,142 |          159,513 |          160,142 |
|          4 |           4 |1565224104167 |     210 |       40,000,000 |          138,454 |           88,056 |          136,114 |

For last 70  seconds the count has not increased...
Removing sample: 280|40000000
Total Count: 40,000,000 | Linear Regression Rate:  160,142 | Linear Regression Standard Error: 0.36 | Average Rate: 160,142

Start Count: 40000000
Watching for changes in count...  Use Ctrl-C to Exit.

|Query Number|Sample Number|Epoch (ms)    |Time (s) |Count             |Linear Reg. Rate  |Rate From Previous|Rate From First   |
|------------|-------------|--------------|---------|------------------|------------------|------------------|------------------|
Count decreased...
Start Count: 0
Watching for changes in count...  Use Ctrl-C to Exit.

|Query Number|Sample Number|Epoch (ms)    |Time (s) |Count             |Linear Reg. Rate  |Rate From Previous|Rate From First   |
|------------|-------------|--------------|---------|------------------|------------------|------------------|------------------|
|          1 |           1 |1565224804166 |       0 |       10,583,477 |                  |                  |                  |
|          2 |           2 |1565224874177 |      70 |       22,931,884 |          176,378 |          176,378 |          176,378 |
|          3 |           3 |1565224944170 |     140 |       33,993,662 |          167,211 |          158,041 |          167,211 |
|          4 |           4 |1565225014168 |     210 |       40,000,000 |          141,874 |           85,807 |          140,077 |

For last 70  seconds the count has not increased...
Removing sample: 279|40000000
Total Count: 40,000,000 | Linear Regression Rate:  167,211 | Linear Regression Standard Error: 5.29 | Average Rate: 167,211

Start Count: 40000000
Watching for changes in count...  Use Ctrl-C to Exit.

|Query Number|Sample Number|Epoch (ms)    |Time (s) |Count             |Linear Reg. Rate  |Rate From Previous|Rate From First   |
|------------|-------------|--------------|---------|------------------|------------------|------------------|------------------|
Count decreased...
Start Count: 0
Watching for changes in count...  Use Ctrl-C to Exit.

|Query Number|Sample Number|Epoch (ms)    |Time (s) |Count             |Linear Reg. Rate  |Rate From Previous|Rate From First   |
|------------|-------------|--------------|---------|------------------|------------------|------------------|------------------|
|          1 |           1 |1565225714172 |       0 |       23,181,956 |                  |                  |                  |
|          2 |           2 |1565225784167 |      69 |       33,875,580 |          152,777 |          152,777 |          152,777 |
|          3 |           3 |1565225854166 |     139 |       40,000,000 |          120,134 |           87,493 |          120,134 |

For last 70  seconds the count has not increased...
Removing sample: 209|40000000
Total Count: 40,000,000 | Linear Regression Rate:  152,777 | Average Rate: 152,777

Start Count: 40000000
Watching for changes in count...  Use Ctrl-C to Exit.

|Query Number|Sample Number|Epoch (ms)    |Time (s) |Count             |Linear Reg. Rate  |Rate From Previous|Rate From First   |
|------------|-------------|--------------|---------|------------------|------------------|------------------|------------------|
Index may not exist
Count decreased...
Start Count: 0
Watching for changes in count...  Use Ctrl-C to Exit.

|Query Number|Sample Number|Epoch (ms)    |Time (s) |Count             |Linear Reg. Rate  |Rate From Previous|Rate From First   |
|------------|-------------|--------------|---------|------------------|------------------|------------------|------------------|
|          1 |           1 |1565226554179 |       0 |       11,683,931 |                  |                  |                  |
|          2 |           2 |1565226624170 |      69 |       22,897,923 |          160,220 |          160,220 |          160,220 |
|          3 |           3 |1565226694168 |     139 |       32,989,114 |          152,192 |          144,164 |          152,192 |
|          4 |           4 |1565226764179 |     210 |       40,000,000 |          135,770 |          100,140 |          134,838 |

For last 70  seconds the count has not increased...
Removing sample: 279|40000000
Total Count: 40,000,000 | Linear Regression Rate:  152,192 | Linear Regression Standard Error: 4.64 | Average Rate: 152,192

Start Count: 40000000
Watching for changes in count...  Use Ctrl-C to Exit.

|Query Number|Sample Number|Epoch (ms)    |Time (s) |Count             |Linear Reg. Rate  |Rate From Previous|Rate From First   |
|------------|-------------|--------------|---------|------------------|------------------|------------------|------------------|
Count decreased...
Start Count: 0
Watching for changes in count...  Use Ctrl-C to Exit.

|Query Number|Sample Number|Epoch (ms)    |Time (s) |Count             |Linear Reg. Rate  |Rate From Previous|Rate From First   |
|------------|-------------|--------------|---------|------------------|------------------|------------------|------------------|
|          1 |           1 |1565227464171 |       0 |       11,173,345 |                  |                  |                  |
|          2 |           2 |1565227534218 |      70 |       32,700,877 |          307,330 |          307,330 |          307,330 |
|          3 |           3 |1565227604171 |     140 |       40,000,000 |          205,927 |          104,343 |          205,905 |

For last 70  seconds the count has not increased...
Removing sample: 209|40000000
Total Count: 40,000,000 | Linear Regression Rate:  307,330 | Average Rate: 307,330

Start Count: 40000000
Watching for changes in count...  Use Ctrl-C to Exit.

|Query Number|Sample Number|Epoch (ms)    |Time (s) |Count             |Linear Reg. Rate  |Rate From Previous|Rate From First   |
|------------|-------------|--------------|---------|------------------|------------------|------------------|------------------|
Count decreased...
Start Count: 0
Watching for changes in count...  Use Ctrl-C to Exit.

|Query Number|Sample Number|Epoch (ms)    |Time (s) |Count             |Linear Reg. Rate  |Rate From Previous|Rate From First   |
|------------|-------------|--------------|---------|------------------|------------------|------------------|------------------|
|          1 |           1 |1565228304176 |       0 |       11,458,125 |                  |                  |                  |
|          2 |           2 |1565228374174 |      69 |       23,328,335 |          169,579 |          169,579 |          169,579 |
|          3 |           3 |1565228444196 |     140 |       34,480,778 |          164,424 |          159,271 |          164,424 |
|          4 |           4 |1565228514185 |     210 |       40,000,000 |          138,246 |           78,858 |          135,908 |

For last 70  seconds the count has not increased...
Removing sample: 280|40000000
Total Count: 40,000,000 | Linear Regression Rate:  164,424 | Linear Regression Standard Error: 2.98 | Average Rate: 164,424

Start Count: 40000000
Watching for changes in count...  Use Ctrl-C to Exit.

|Query Number|Sample Number|Epoch (ms)    |Time (s) |Count             |Linear Reg. Rate  |Rate From Previous|Rate From First   |
|------------|-------------|--------------|---------|------------------|------------------|------------------|------------------|
Count decreased...
Start Count: 0
Watching for changes in count...  Use Ctrl-C to Exit.

|Query Number|Sample Number|Epoch (ms)    |Time (s) |Count             |Linear Reg. Rate  |Rate From Previous|Rate From First   |
|------------|-------------|--------------|---------|------------------|------------------|------------------|------------------|
|          1 |           1 |1565229214178 |       0 |       11,426,102 |                  |                  |                  |
|          2 |           2 |1565229284178 |      70 |       23,038,063 |          165,885 |          165,885 |          165,885 |
|          3 |           3 |1565229354179 |     140 |       33,964,353 |          160,986 |          156,088 |          160,986 |
|          4 |           4 |1565229424181 |     210 |       40,000,000 |          138,066 |           86,221 |          136,064 |

For last 70  seconds the count has not increased...
Removing sample: 279|40000000
Total Count: 40,000,000 | Linear Regression Rate:  160,986 | Linear Regression Standard Error: 2.83 | Average Rate: 160,986

Start Count: 40000000
Watching for changes in count...  Use Ctrl-C to Exit.

|Query Number|Sample Number|Epoch (ms)    |Time (s) |Count             |Linear Reg. Rate  |Rate From Previous|Rate From First   |
|------------|-------------|--------------|---------|------------------|------------------|------------------|------------------|
Count decreased...
Start Count: 0
Watching for changes in count...  Use Ctrl-C to Exit.

|Query Number|Sample Number|Epoch (ms)    |Time (s) |Count             |Linear Reg. Rate  |Rate From Previous|Rate From First   |
|------------|-------------|--------------|---------|------------------|------------------|------------------|------------------|
|          1 |           1 |1565230124182 |       0 |       22,415,892 |                  |                  |                  |
|          2 |           2 |1565230194182 |      70 |       33,658,220 |          160,605 |          160,605 |          160,605 |
|          3 |           3 |1565230264194 |     140 |       40,000,000 |          125,589 |           90,581 |          125,590 |

For last 70  seconds the count has not increased...
Removing sample: 210|40000000
Total Count: 40,000,000 | Linear Regression Rate:  160,605 | Average Rate: 160,605

Start Count: 40000000
Watching for changes in count...  Use Ctrl-C to Exit.

|Query Number|Sample Number|Epoch (ms)    |Time (s) |Count             |Linear Reg. Rate  |Rate From Previous|Rate From First   |
|------------|-------------|--------------|---------|------------------|------------------|------------------|------------------|
Count decreased...
Start Count: 0
Watching for changes in count...  Use Ctrl-C to Exit.

|Query Number|Sample Number|Epoch (ms)    |Time (s) |Count             |Linear Reg. Rate  |Rate From Previous|Rate From First   |
|------------|-------------|--------------|---------|------------------|------------------|------------------|------------------|
|          1 |           1 |1565230964182 |       0 |       11,886,836 |                  |                  |                  |
|          2 |           2 |1565231034187 |      70 |       23,381,672 |          164,200 |          164,200 |          164,200 |
|          3 |           3 |1565231104183 |     140 |       34,655,194 |          162,630 |          161,060 |          162,630 |
|          4 |           4 |1565231174184 |     210 |       40,000,000 |          136,590 |           76,353 |          133,871 |

For last 70  seconds the count has not increased...
Removing sample: 280|40000000
Total Count: 40,000,000 | Linear Regression Rate:  162,630 | Linear Regression Standard Error: 0.91 | Average Rate: 162,630

Start Count: 40000000
Watching for changes in count...  Use Ctrl-C to Exit.

|Query Number|Sample Number|Epoch (ms)    |Time (s) |Count             |Linear Reg. Rate  |Rate From Previous|Rate From First   |
|------------|-------------|--------------|---------|------------------|------------------|------------------|------------------|
Count decreased...
Start Count: 0
Watching for changes in count...  Use Ctrl-C to Exit.

|Query Number|Sample Number|Epoch (ms)    |Time (s) |Count             |Linear Reg. Rate  |Rate From Previous|Rate From First   |
|------------|-------------|--------------|---------|------------------|------------------|------------------|------------------|
|          1 |           1 |1565231874192 |       0 |       10,794,588 |                  |                  |                  |
|          2 |           2 |1565231944187 |      69 |       33,971,919 |          331,128 |          331,128 |          331,128 |
|          3 |           3 |1565232014186 |     139 |       40,000,000 |          208,618 |           86,117 |          208,619 |

For last 70  seconds the count has not increased...
Removing sample: 209|40000000
Total Count: 40,000,000 | Linear Regression Rate:  331,128 | Average Rate: 331,128

Start Count: 40000000
Watching for changes in count...  Use Ctrl-C to Exit.

|Query Number|Sample Number|Epoch (ms)    |Time (s) |Count             |Linear Reg. Rate  |Rate From Previous|Rate From First   |
|------------|-------------|--------------|---------|------------------|------------------|------------------|------------------|
Count decreased...
Start Count: 0
Watching for changes in count...  Use Ctrl-C to Exit.

|Query Number|Sample Number|Epoch (ms)    |Time (s) |Count             |Linear Reg. Rate  |Rate From Previous|Rate From First   |
|------------|-------------|--------------|---------|------------------|------------------|------------------|------------------|
|          1 |           1 |1565232714183 |       0 |       11,393,675 |                  |                  |                  |
|          2 |           2 |1565232784184 |      70 |       22,602,521 |          160,124 |          160,124 |          160,124 |
|          3 |           3 |1565232854187 |     140 |       33,086,824 |          154,947 |          149,769 |          154,947 |
|          4 |           4 |1565232924186 |     210 |       40,000,000 |          137,574 |           98,761 |          136,219 |

For last 70  seconds the count has not increased...
Removing sample: 280|40000000
Total Count: 40,000,000 | Linear Regression Rate:  154,947 | Linear Regression Standard Error: 2.99 | Average Rate: 154,947

Start Count: 40000000
Watching for changes in count...  Use Ctrl-C to Exit.

|Query Number|Sample Number|Epoch (ms)    |Time (s) |Count             |Linear Reg. Rate  |Rate From Previous|Rate From First   |
|------------|-------------|--------------|---------|------------------|------------------|------------------|------------------|
Count decreased...
Start Count: 0
Watching for changes in count...  Use Ctrl-C to Exit.

|Query Number|Sample Number|Epoch (ms)    |Time (s) |Count             |Linear Reg. Rate  |Rate From Previous|Rate From First   |
|------------|-------------|--------------|---------|------------------|------------------|------------------|------------------|
|          1 |           1 |1565233624223 |       0 |       10,724,784 |                  |                  |                  |
|          2 |           2 |1565233694275 |      70 |       22,125,812 |          162,751 |          162,751 |          162,751 |
|          3 |           3 |1565233764187 |     139 |       38,853,820 |          200,961 |          239,272 |          200,973 |
|          4 |           4 |1565233834185 |     209 |       40,000,000 |          149,401 |           16,374 |          139,431 |

For last 70  seconds the count has not increased...
Removing sample: 279|40000000
Total Count: 40,000,000 | Linear Regression Rate:  200,961 | Linear Regression Standard Error: 22.09 | Average Rate: 200,973

Start Count: 40000000
Watching for changes in count...  Use Ctrl-C to Exit.

|Query Number|Sample Number|Epoch (ms)    |Time (s) |Count             |Linear Reg. Rate  |Rate From Previous|Rate From First   |
|------------|-------------|--------------|---------|------------------|------------------|------------------|------------------|
