class java.net.UnknownHostException:datastore-elasticsearch-client: Name or service not known
Index may not exist
class org.apache.http.conn.HttpHostConnectException:Connect to datastore-elasticsearch-client:9200 [datastore-elasticsearch-client/10.0.0.249] failed: Connection refused (Connection refused)
Index may not exist
class org.apache.http.conn.HttpHostConnectException:Connect to datastore-elasticsearch-client:9200 [datastore-elasticsearch-client/10.0.0.249] failed: Connection refused (Connection refused)
Index may not exist
Index may not exist
Index may not exist
Index may not exist
Index may not exist
Index may not exist
Index may not exist
Index may not exist
Index may not exist
Count decreased...
Start Count: 0
Watching for changes in count...  Use Ctrl-C to Exit.

|Query Number|Sample Number|Epoch (ms)    |Time (s) |Count             |Linear Reg. Rate  |Rate From Previous|Rate From First   |
|------------|-------------|--------------|---------|------------------|------------------|------------------|------------------|
|          1 |           1 |1565101814010 |       0 |       19,747,130 |                  |                  |                  |
|          2 |           2 |1565101883987 |      69 |       29,098,014 |          133,628 |          133,628 |          133,628 |
|          3 |           3 |1565101954028 |     140 |       39,458,683 |          140,780 |          147,923 |          140,779 |
|          4 |           4 |1565102023994 |     209 |       40,000,000 |          101,604 |            7,737 |           96,450 |

For last 70  seconds the count has not increased...
Removing sample: 279|40000000
Total Count: 40,000,000 | Linear Regression Rate:  140,780 | Linear Regression Standard Error: 4.13 | Average Rate: 140,779

Start Count: 40000000
Watching for changes in count...  Use Ctrl-C to Exit.

|Query Number|Sample Number|Epoch (ms)    |Time (s) |Count             |Linear Reg. Rate  |Rate From Previous|Rate From First   |
|------------|-------------|--------------|---------|------------------|------------------|------------------|------------------|
Count decreased...
Start Count: 0
Watching for changes in count...  Use Ctrl-C to Exit.

|Query Number|Sample Number|Epoch (ms)    |Time (s) |Count             |Linear Reg. Rate  |Rate From Previous|Rate From First   |
|------------|-------------|--------------|---------|------------------|------------------|------------------|------------------|
|          1 |           1 |1565102653973 |       0 |        9,841,362 |                  |                  |                  |
|          2 |           2 |1565102723969 |      69 |       21,583,707 |          167,757 |          167,757 |          167,757 |
|          3 |           3 |1565102793989 |     140 |       31,914,764 |          157,649 |          147,544 |          157,649 |
|          4 |           4 |1565102863965 |     209 |       40,000,000 |          144,012 |          115,543 |          143,618 |

For last 70  seconds the count has not increased...
Removing sample: 279|40000000
Total Count: 40,000,000 | Linear Regression Rate:  157,649 | Linear Regression Standard Error: 5.83 | Average Rate: 157,649

Start Count: 40000000
Watching for changes in count...  Use Ctrl-C to Exit.

|Query Number|Sample Number|Epoch (ms)    |Time (s) |Count             |Linear Reg. Rate  |Rate From Previous|Rate From First   |
|------------|-------------|--------------|---------|------------------|------------------|------------------|------------------|
Count decreased...
Start Count: 0
Watching for changes in count...  Use Ctrl-C to Exit.

|Query Number|Sample Number|Epoch (ms)    |Time (s) |Count             |Linear Reg. Rate  |Rate From Previous|Rate From First   |
|------------|-------------|--------------|---------|------------------|------------------|------------------|------------------|
|          1 |           1 |1565103563968 |       0 |       10,649,689 |                  |                  |                  |
|          2 |           2 |1565103633980 |      70 |       27,818,638 |          245,229 |          245,229 |          245,229 |
|          3 |           3 |1565103703967 |     139 |       40,000,000 |          209,649 |          174,052 |          209,647 |

For last 70  seconds the count has not increased...
Removing sample: 210|40000000
Total Count: 40,000,000 | Linear Regression Rate:  245,229 | Average Rate: 245,229

Start Count: 40000000
Watching for changes in count...  Use Ctrl-C to Exit.

|Query Number|Sample Number|Epoch (ms)    |Time (s) |Count             |Linear Reg. Rate  |Rate From Previous|Rate From First   |
|------------|-------------|--------------|---------|------------------|------------------|------------------|------------------|
Count decreased...
Start Count: 0
Watching for changes in count...  Use Ctrl-C to Exit.

|Query Number|Sample Number|Epoch (ms)    |Time (s) |Count             |Linear Reg. Rate  |Rate From Previous|Rate From First   |
|------------|-------------|--------------|---------|------------------|------------------|------------------|------------------|
|          1 |           1 |1565104404009 |       0 |       10,086,833 |                  |                  |                  |
|          2 |           2 |1565104473970 |      69 |       20,942,030 |          155,161 |          155,161 |          155,161 |
|          3 |           3 |1565104543972 |     139 |       30,490,888 |          145,781 |          136,408 |          145,782 |
|          4 |           4 |1565104613971 |     209 |       40,000,000 |          141,863 |          135,846 |          142,469 |

For last 70  seconds the count has not increased...
Removing sample: 279|40000000
Total Count: 40,000,000 | Linear Regression Rate:  145,781 | Linear Regression Standard Error: 5.41 | Average Rate: 145,782

Start Count: 40000000
Watching for changes in count...  Use Ctrl-C to Exit.

|Query Number|Sample Number|Epoch (ms)    |Time (s) |Count             |Linear Reg. Rate  |Rate From Previous|Rate From First   |
|------------|-------------|--------------|---------|------------------|------------------|------------------|------------------|
Count decreased...
Start Count: 0
Watching for changes in count...  Use Ctrl-C to Exit.

|Query Number|Sample Number|Epoch (ms)    |Time (s) |Count             |Linear Reg. Rate  |Rate From Previous|Rate From First   |
|------------|-------------|--------------|---------|------------------|------------------|------------------|------------------|
|          1 |           1 |1565105313970 |       0 |       10,573,235 |                  |                  |                  |
|          2 |           2 |1565105383970 |      70 |       21,030,272 |          149,386 |          149,386 |          149,386 |
|          3 |           3 |1565105453976 |     140 |       35,911,329 |          180,979 |          212,568 |          180,979 |
|          4 |           4 |1565105523970 |     210 |       40,000,000 |          147,373 |           58,415 |          140,127 |

For last 70  seconds the count has not increased...
Removing sample: 280|40000000
Total Count: 40,000,000 | Linear Regression Rate:  180,979 | Linear Regression Standard Error: 18.24 | Average Rate: 180,979

Start Count: 40000000
Watching for changes in count...  Use Ctrl-C to Exit.

|Query Number|Sample Number|Epoch (ms)    |Time (s) |Count             |Linear Reg. Rate  |Rate From Previous|Rate From First   |
|------------|-------------|--------------|---------|------------------|------------------|------------------|------------------|
Count decreased...
Start Count: 0
Watching for changes in count...  Use Ctrl-C to Exit.

|Query Number|Sample Number|Epoch (ms)    |Time (s) |Count             |Linear Reg. Rate  |Rate From Previous|Rate From First   |
|------------|-------------|--------------|---------|------------------|------------------|------------------|------------------|
|          1 |           1 |1565106153968 |       0 |       10,249,637 |                  |                  |                  |
|          2 |           2 |1565106223969 |      70 |       21,550,097 |          161,433 |          161,433 |          161,433 |
|          3 |           3 |1565106293971 |     140 |       31,421,715 |          151,226 |          141,019 |          151,226 |
|          4 |           4 |1565106363971 |     210 |       40,000,000 |          141,602 |          122,547 |          141,666 |

For last 70  seconds the count has not increased...
Removing sample: 280|40000000
Total Count: 40,000,000 | Linear Regression Rate:  151,226 | Linear Regression Standard Error: 5.89 | Average Rate: 151,226

Start Count: 40000000
Watching for changes in count...  Use Ctrl-C to Exit.

|Query Number|Sample Number|Epoch (ms)    |Time (s) |Count             |Linear Reg. Rate  |Rate From Previous|Rate From First   |
|------------|-------------|--------------|---------|------------------|------------------|------------------|------------------|
Count decreased...
Start Count: 0
Watching for changes in count...  Use Ctrl-C to Exit.

|Query Number|Sample Number|Epoch (ms)    |Time (s) |Count             |Linear Reg. Rate  |Rate From Previous|Rate From First   |
|------------|-------------|--------------|---------|------------------|------------------|------------------|------------------|
|          1 |           1 |1565107063972 |       0 |       10,656,371 |                  |                  |                  |
|          2 |           2 |1565107133970 |      69 |       22,308,190 |          166,459 |          166,459 |          166,459 |
|          3 |           3 |1565107203971 |     139 |       32,379,080 |          155,163 |          143,868 |          155,163 |
|          4 |           4 |1565107273970 |     209 |       40,000,000 |          140,146 |          108,872 |          139,733 |

For last 70  seconds the count has not increased...
Removing sample: 279|40000000
Total Count: 40,000,000 | Linear Regression Rate:  155,163 | Linear Regression Standard Error: 6.52 | Average Rate: 155,163

Start Count: 40000000
Watching for changes in count...  Use Ctrl-C to Exit.

|Query Number|Sample Number|Epoch (ms)    |Time (s) |Count             |Linear Reg. Rate  |Rate From Previous|Rate From First   |
|------------|-------------|--------------|---------|------------------|------------------|------------------|------------------|
Count decreased...
Start Count: 0
Watching for changes in count...  Use Ctrl-C to Exit.

|Query Number|Sample Number|Epoch (ms)    |Time (s) |Count             |Linear Reg. Rate  |Rate From Previous|Rate From First   |
|------------|-------------|--------------|---------|------------------|------------------|------------------|------------------|
|          1 |           1 |1565107973973 |       0 |       22,181,165 |                  |                  |                  |
|          2 |           2 |1565108043974 |      70 |       32,602,361 |          148,872 |          148,872 |          148,872 |
|          3 |           3 |1565108113975 |     140 |       40,000,000 |          127,276 |          105,679 |          127,276 |

For last 70  seconds the count has not increased...
Removing sample: 210|40000000
Total Count: 40,000,000 | Linear Regression Rate:  148,872 | Average Rate: 148,872

Start Count: 40000000
Watching for changes in count...  Use Ctrl-C to Exit.

|Query Number|Sample Number|Epoch (ms)    |Time (s) |Count             |Linear Reg. Rate  |Rate From Previous|Rate From First   |
|------------|-------------|--------------|---------|------------------|------------------|------------------|------------------|
Count decreased...
Start Count: 0
Watching for changes in count...  Use Ctrl-C to Exit.

|Query Number|Sample Number|Epoch (ms)    |Time (s) |Count             |Linear Reg. Rate  |Rate From Previous|Rate From First   |
|------------|-------------|--------------|---------|------------------|------------------|------------------|------------------|
|          1 |           1 |1565108813973 |       0 |        9,869,236 |                  |                  |                  |
|          2 |           2 |1565108883975 |      70 |       21,581,756 |          167,317 |          167,317 |          167,317 |
|          3 |           3 |1565108953974 |     140 |       32,121,497 |          158,944 |          150,570 |          158,944 |
|          4 |           4 |1565109023980 |     210 |       40,000,000 |          144,184 |          112,540 |          143,475 |

For last 70  seconds the count has not increased...
Removing sample: 279|40000000
Total Count: 40,000,000 | Linear Regression Rate:  158,944 | Linear Regression Standard Error: 4.83 | Average Rate: 158,944

Start Count: 40000000
Watching for changes in count...  Use Ctrl-C to Exit.

|Query Number|Sample Number|Epoch (ms)    |Time (s) |Count             |Linear Reg. Rate  |Rate From Previous|Rate From First   |
|------------|-------------|--------------|---------|------------------|------------------|------------------|------------------|
Count decreased...
Start Count: 0
Watching for changes in count...  Use Ctrl-C to Exit.

|Query Number|Sample Number|Epoch (ms)    |Time (s) |Count             |Linear Reg. Rate  |Rate From Previous|Rate From First   |
|------------|-------------|--------------|---------|------------------|------------------|------------------|------------------|
|          1 |           1 |1565109723975 |       0 |        9,129,910 |                  |                  |                  |
|          2 |           2 |1565109793974 |      69 |       21,136,184 |          171,521 |          171,521 |          171,521 |
|          3 |           3 |1565109863976 |     140 |       39,948,453 |          220,131 |          268,739 |          220,131 |
|          4 |           4 |1565109933979 |     210 |       40,000,000 |          159,171 |              736 |          146,998 |

For last 70  seconds the count has not increased...
Removing sample: 280|40000000
Total Count: 40,000,000 | Linear Regression Rate:  220,131 | Linear Regression Standard Error: 28.06 | Average Rate: 220,131

Start Count: 40000000
Watching for changes in count...  Use Ctrl-C to Exit.

|Query Number|Sample Number|Epoch (ms)    |Time (s) |Count             |Linear Reg. Rate  |Rate From Previous|Rate From First   |
|------------|-------------|--------------|---------|------------------|------------------|------------------|------------------|
Count decreased...
Start Count: 0
Watching for changes in count...  Use Ctrl-C to Exit.

|Query Number|Sample Number|Epoch (ms)    |Time (s) |Count             |Linear Reg. Rate  |Rate From Previous|Rate From First   |
|------------|-------------|--------------|---------|------------------|------------------|------------------|------------------|
|          1 |           1 |1565110563975 |       0 |        9,157,970 |                  |                  |                  |
|          2 |           2 |1565110633981 |      70 |       21,460,987 |          175,742 |          175,742 |          175,742 |
|          3 |           3 |1565110703974 |     139 |       32,527,472 |          166,926 |          158,108 |          166,926 |
|          4 |           4 |1565110773975 |     210 |       40,000,000 |          147,991 |          106,749 |          146,867 |

For last 70  seconds the count has not increased...
Removing sample: 280|40000000
Total Count: 40,000,000 | Linear Regression Rate:  166,926 | Linear Regression Standard Error: 5.09 | Average Rate: 166,926

Start Count: 40000000
Watching for changes in count...  Use Ctrl-C to Exit.

|Query Number|Sample Number|Epoch (ms)    |Time (s) |Count             |Linear Reg. Rate  |Rate From Previous|Rate From First   |
|------------|-------------|--------------|---------|------------------|------------------|------------------|------------------|
Count decreased...
Start Count: 0
Watching for changes in count...  Use Ctrl-C to Exit.

|Query Number|Sample Number|Epoch (ms)    |Time (s) |Count             |Linear Reg. Rate  |Rate From Previous|Rate From First   |
|------------|-------------|--------------|---------|------------------|------------------|------------------|------------------|
|          1 |           1 |1565111473979 |       0 |        8,368,208 |                  |                  |                  |
|          2 |           2 |1565111544098 |      70 |       19,145,175 |          153,695 |          153,695 |          153,695 |
|          3 |           3 |1565111613979 |     140 |       29,570,526 |          151,446 |          149,187 |          151,445 |
|          4 |           4 |1565111683978 |     209 |       40,000,000 |          150,485 |          148,995 |          150,628 |

For last 70  seconds the count has not increased...
Removing sample: 280|40000000
Total Count: 40,000,000 | Linear Regression Rate:  151,446 | Linear Regression Standard Error: 1.30 | Average Rate: 151,445

Start Count: 40000000
Watching for changes in count...  Use Ctrl-C to Exit.

|Query Number|Sample Number|Epoch (ms)    |Time (s) |Count             |Linear Reg. Rate  |Rate From Previous|Rate From First   |
|------------|-------------|--------------|---------|------------------|------------------|------------------|------------------|
Count decreased...
Start Count: 0
Watching for changes in count...  Use Ctrl-C to Exit.

|Query Number|Sample Number|Epoch (ms)    |Time (s) |Count             |Linear Reg. Rate  |Rate From Previous|Rate From First   |
|------------|-------------|--------------|---------|------------------|------------------|------------------|------------------|
|          1 |           1 |1565112384109 |       0 |       12,536,725 |                  |                  |                  |
|          2 |           2 |1565112453981 |      69 |       23,375,165 |          155,119 |          155,119 |          155,119 |
|          3 |           3 |1565112523980 |     139 |       34,708,610 |          158,518 |          161,909 |          158,517 |
|          4 |           4 |1565112593986 |     209 |       40,000,000 |          133,955 |           75,585 |          130,854 |

For last 70  seconds the count has not increased...
Removing sample: 279|40000000
Total Count: 40,000,000 | Linear Regression Rate:  158,518 | Linear Regression Standard Error: 1.96 | Average Rate: 158,517

Start Count: 40000000
Watching for changes in count...  Use Ctrl-C to Exit.

|Query Number|Sample Number|Epoch (ms)    |Time (s) |Count             |Linear Reg. Rate  |Rate From Previous|Rate From First   |
|------------|-------------|--------------|---------|------------------|------------------|------------------|------------------|
Count decreased...
Start Count: 0
Watching for changes in count...  Use Ctrl-C to Exit.

|Query Number|Sample Number|Epoch (ms)    |Time (s) |Count             |Linear Reg. Rate  |Rate From Previous|Rate From First   |
|------------|-------------|--------------|---------|------------------|------------------|------------------|------------------|
|          1 |           1 |1565113223982 |       0 |        9,183,913 |                  |                  |                  |
|          2 |           2 |1565113293982 |      70 |       21,631,010 |          177,816 |          177,816 |          177,816 |
|          3 |           3 |1565113363987 |     140 |       33,147,229 |          171,160 |          164,506 |          171,160 |
|          4 |           4 |1565113433988 |     210 |       40,000,000 |          148,516 |           97,895 |          146,739 |

For last 70  seconds the count has not increased...
Removing sample: 280|40000000
Total Count: 40,000,000 | Linear Regression Rate:  171,160 | Linear Regression Standard Error: 3.84 | Average Rate: 171,160

Start Count: 40000000
Watching for changes in count...  Use Ctrl-C to Exit.

|Query Number|Sample Number|Epoch (ms)    |Time (s) |Count             |Linear Reg. Rate  |Rate From Previous|Rate From First   |
|------------|-------------|--------------|---------|------------------|------------------|------------------|------------------|
Count decreased...
Start Count: 0
Watching for changes in count...  Use Ctrl-C to Exit.

|Query Number|Sample Number|Epoch (ms)    |Time (s) |Count             |Linear Reg. Rate  |Rate From Previous|Rate From First   |
|------------|-------------|--------------|---------|------------------|------------------|------------------|------------------|
|          1 |           1 |1565114133989 |       0 |       20,761,502 |                  |                  |                  |
|          2 |           2 |1565114203988 |      69 |       31,431,457 |          152,430 |          152,430 |          152,430 |
|          3 |           3 |1565114273987 |     139 |       39,949,492 |          137,059 |          121,688 |          137,059 |
|          4 |           4 |1565114343989 |     210 |       40,000,000 |           94,619 |              722 |           91,612 |

For last 70  seconds the count has not increased...
Removing sample: 280|40000000
Total Count: 40,000,000 | Linear Regression Rate:  137,059 | Linear Regression Standard Error: 8.87 | Average Rate: 137,059

Start Count: 40000000
Watching for changes in count...  Use Ctrl-C to Exit.

|Query Number|Sample Number|Epoch (ms)    |Time (s) |Count             |Linear Reg. Rate  |Rate From Previous|Rate From First   |
|------------|-------------|--------------|---------|------------------|------------------|------------------|------------------|
Count decreased...
Start Count: 0
Watching for changes in count...  Use Ctrl-C to Exit.

|Query Number|Sample Number|Epoch (ms)    |Time (s) |Count             |Linear Reg. Rate  |Rate From Previous|Rate From First   |
|------------|-------------|--------------|---------|------------------|------------------|------------------|------------------|
|          1 |           1 |1565114973987 |       0 |       10,011,819 |                  |                  |                  |
|          2 |           2 |1565115043988 |      70 |       20,788,489 |          153,950 |          153,950 |          153,950 |
|          3 |           3 |1565115113988 |     140 |       30,813,474 |          148,582 |          143,214 |          148,582 |
|          4 |           4 |1565115184121 |     210 |       40,000,000 |          142,758 |          130,987 |          142,710 |

For last 70  seconds the count has not increased...
Removing sample: 280|40000000
Total Count: 40,000,000 | Linear Regression Rate:  148,582 | Linear Regression Standard Error: 3.10 | Average Rate: 148,582

Start Count: 40000000
Watching for changes in count...  Use Ctrl-C to Exit.

|Query Number|Sample Number|Epoch (ms)    |Time (s) |Count             |Linear Reg. Rate  |Rate From Previous|Rate From First   |
|------------|-------------|--------------|---------|------------------|------------------|------------------|------------------|
Count decreased...
Start Count: 0
Watching for changes in count...  Use Ctrl-C to Exit.

|Query Number|Sample Number|Epoch (ms)    |Time (s) |Count             |Linear Reg. Rate  |Rate From Previous|Rate From First   |
|------------|-------------|--------------|---------|------------------|------------------|------------------|------------------|
|          1 |           1 |1565115883989 |       0 |       10,647,265 |                  |                  |                  |
|          2 |           2 |1565115953989 |      70 |       22,844,838 |          174,251 |          174,251 |          174,251 |
|          3 |           3 |1565116023991 |     140 |       37,837,557 |          194,214 |          214,176 |          194,214 |
|          4 |           4 |1565116093990 |     210 |       40,000,000 |          147,215 |           30,892 |          139,774 |

For last 70  seconds the count has not increased...
Removing sample: 280|40000000
Total Count: 40,000,000 | Linear Regression Rate:  194,214 | Linear Regression Standard Error: 11.53 | Average Rate: 194,214

Start Count: 40000000
Watching for changes in count...  Use Ctrl-C to Exit.

|Query Number|Sample Number|Epoch (ms)    |Time (s) |Count             |Linear Reg. Rate  |Rate From Previous|Rate From First   |
|------------|-------------|--------------|---------|------------------|------------------|------------------|------------------|
Count decreased...
Start Count: 0
Watching for changes in count...  Use Ctrl-C to Exit.

|Query Number|Sample Number|Epoch (ms)    |Time (s) |Count             |Linear Reg. Rate  |Rate From Previous|Rate From First   |
|------------|-------------|--------------|---------|------------------|------------------|------------------|------------------|
|          1 |           1 |1565116723991 |       0 |        9,902,012 |                  |                  |                  |
|          2 |           2 |1565116793990 |      69 |       20,211,704 |          147,283 |          147,283 |          147,283 |
|          3 |           3 |1565116863990 |     139 |       29,250,039 |          138,201 |          129,119 |          138,201 |
|          4 |           4 |1565116933989 |     209 |       39,769,293 |          140,916 |          150,277 |          142,227 |
|          5 |           5 |1565117003990 |     279 |       40,000,000 |          113,934 |            3,296 |          107,493 |

For last 70  seconds the count has not increased...
Removing sample: 349|40000000
Total Count: 40,000,000 | Linear Regression Rate:  140,916 | Linear Regression Standard Error: 2.82 | Average Rate: 142,227

Start Count: 40000000
Watching for changes in count...  Use Ctrl-C to Exit.

|Query Number|Sample Number|Epoch (ms)    |Time (s) |Count             |Linear Reg. Rate  |Rate From Previous|Rate From First   |
|------------|-------------|--------------|---------|------------------|------------------|------------------|------------------|
Count decreased...
Start Count: 0
Watching for changes in count...  Use Ctrl-C to Exit.

|Query Number|Sample Number|Epoch (ms)    |Time (s) |Count             |Linear Reg. Rate  |Rate From Previous|Rate From First   |
|------------|-------------|--------------|---------|------------------|------------------|------------------|------------------|
|          1 |           1 |1565117633995 |       0 |        9,586,795 |                  |                  |                  |
|          2 |           2 |1565117703993 |      69 |       20,961,366 |          162,499 |          162,499 |          162,499 |
|          3 |           3 |1565117773991 |     139 |       31,733,287 |          158,194 |          153,889 |          158,194 |
|          4 |           4 |1565117843992 |     209 |       40,000,000 |          145,733 |          118,094 |          144,827 |

For last 70  seconds the count has not increased...
Removing sample: 280|40000000
Total Count: 40,000,000 | Linear Regression Rate:  158,194 | Linear Regression Standard Error: 2.49 | Average Rate: 158,194

Start Count: 40000000
Watching for changes in count...  Use Ctrl-C to Exit.

|Query Number|Sample Number|Epoch (ms)    |Time (s) |Count             |Linear Reg. Rate  |Rate From Previous|Rate From First   |
|------------|-------------|--------------|---------|------------------|------------------|------------------|------------------|
Count decreased...
Start Count: 0
Watching for changes in count...  Use Ctrl-C to Exit.

|Query Number|Sample Number|Epoch (ms)    |Time (s) |Count             |Linear Reg. Rate  |Rate From Previous|Rate From First   |
|------------|-------------|--------------|---------|------------------|------------------|------------------|------------------|
|          1 |           1 |1565118473994 |       0 |        8,014,470 |                  |                  |                  |
|          2 |           2 |1565118544010 |      70 |       21,557,194 |          193,423 |          193,423 |          193,423 |
|          3 |           3 |1565118614106 |     140 |       31,790,956 |          169,692 |          145,996 |          169,696 |
|          4 |           4 |1565118683991 |     209 |       40,000,000 |          151,688 |          117,465 |          152,314 |

For last 70  seconds the count has not increased...
Removing sample: 279|40000000
Total Count: 40,000,000 | Linear Regression Rate:  169,692 | Linear Regression Standard Error: 13.69 | Average Rate: 169,696

Start Count: 40000000
Watching for changes in count...  Use Ctrl-C to Exit.

|Query Number|Sample Number|Epoch (ms)    |Time (s) |Count             |Linear Reg. Rate  |Rate From Previous|Rate From First   |
|------------|-------------|--------------|---------|------------------|------------------|------------------|------------------|
Count decreased...
Start Count: 0
Watching for changes in count...  Use Ctrl-C to Exit.

|Query Number|Sample Number|Epoch (ms)    |Time (s) |Count             |Linear Reg. Rate  |Rate From Previous|Rate From First   |
|------------|-------------|--------------|---------|------------------|------------------|------------------|------------------|
|          1 |           1 |1565119383995 |       0 |       10,104,836 |                  |                  |                  |
|          2 |           2 |1565119453996 |      70 |       21,490,370 |          162,648 |          162,648 |          162,648 |
|          3 |           3 |1565119524100 |     140 |       32,014,059 |          156,376 |          150,115 |          156,377 |
|          4 |           4 |1565119593995 |     210 |       40,000,000 |          143,139 |          114,256 |          142,358 |

For last 70  seconds the count has not increased...
Removing sample: 280|40000000
Total Count: 40,000,000 | Linear Regression Rate:  156,376 | Linear Regression Standard Error: 3.62 | Average Rate: 156,377

Start Count: 40000000
Watching for changes in count...  Use Ctrl-C to Exit.

|Query Number|Sample Number|Epoch (ms)    |Time (s) |Count             |Linear Reg. Rate  |Rate From Previous|Rate From First   |
|------------|-------------|--------------|---------|------------------|------------------|------------------|------------------|
Count decreased...
Start Count: 0
Watching for changes in count...  Use Ctrl-C to Exit.

|Query Number|Sample Number|Epoch (ms)    |Time (s) |Count             |Linear Reg. Rate  |Rate From Previous|Rate From First   |
|------------|-------------|--------------|---------|------------------|------------------|------------------|------------------|
|          1 |           1 |1565120293996 |       0 |        9,762,896 |                  |                  |                  |
|          2 |           2 |1565120363996 |      70 |       32,936,483 |          331,051 |          331,051 |          331,051 |
|          3 |           3 |1565120433996 |     140 |       40,000,000 |          215,979 |          100,907 |          215,979 |

For last 70  seconds the count has not increased...
Removing sample: 210|40000000
Total Count: 40,000,000 | Linear Regression Rate:  331,051 | Average Rate: 331,051

Start Count: 40000000
Watching for changes in count...  Use Ctrl-C to Exit.

|Query Number|Sample Number|Epoch (ms)    |Time (s) |Count             |Linear Reg. Rate  |Rate From Previous|Rate From First   |
|------------|-------------|--------------|---------|------------------|------------------|------------------|------------------|
Count decreased...
Start Count: 0
Watching for changes in count...  Use Ctrl-C to Exit.

|Query Number|Sample Number|Epoch (ms)    |Time (s) |Count             |Linear Reg. Rate  |Rate From Previous|Rate From First   |
|------------|-------------|--------------|---------|------------------|------------------|------------------|------------------|
|          1 |           1 |1565121133999 |       0 |        9,320,997 |                  |                  |                  |
|          2 |           2 |1565121203997 |      69 |       21,251,682 |          170,443 |          170,443 |          170,443 |
|          3 |           3 |1565121273998 |     139 |       32,199,848 |          163,421 |          156,400 |          163,422 |
|          4 |           4 |1565121343997 |     209 |       40,000,000 |          147,123 |          111,432 |          146,092 |

For last 70  seconds the count has not increased...
Removing sample: 280|40000000
Total Count: 40,000,000 | Linear Regression Rate:  163,421 | Linear Regression Standard Error: 4.05 | Average Rate: 163,422

Start Count: 40000000
Watching for changes in count...  Use Ctrl-C to Exit.

|Query Number|Sample Number|Epoch (ms)    |Time (s) |Count             |Linear Reg. Rate  |Rate From Previous|Rate From First   |
|------------|-------------|--------------|---------|------------------|------------------|------------------|------------------|
Count decreased...
Start Count: 0
Watching for changes in count...  Use Ctrl-C to Exit.

|Query Number|Sample Number|Epoch (ms)    |Time (s) |Count             |Linear Reg. Rate  |Rate From Previous|Rate From First   |
|------------|-------------|--------------|---------|------------------|------------------|------------------|------------------|
|          1 |           1 |1565122043999 |       0 |        6,133,294 |                  |                  |                  |
|          2 |           2 |1565122114010 |      70 |       13,066,804 |           99,035 |           99,035 |           99,035 |
|          3 |           3 |1565122184005 |     140 |       34,238,671 |          200,740 |          302,477 |          200,744 |
|          4 |           4 |1565122254000 |     210 |       39,968,831 |          175,255 |           81,865 |          161,121 |
|          5 |           5 |1565122324004 |     280 |       40,000,000 |          135,193 |              445 |          120,950 |

For last 70  seconds the count has not increased...
Removing sample: 350|40000000
Total Count: 40,000,000 | Linear Regression Rate:  175,255 | Linear Regression Standard Error: 30.11 | Average Rate: 161,121

Start Count: 40000000
Watching for changes in count...  Use Ctrl-C to Exit.

|Query Number|Sample Number|Epoch (ms)    |Time (s) |Count             |Linear Reg. Rate  |Rate From Previous|Rate From First   |
|------------|-------------|--------------|---------|------------------|------------------|------------------|------------------|
Count decreased...
Start Count: 0
Watching for changes in count...  Use Ctrl-C to Exit.

|Query Number|Sample Number|Epoch (ms)    |Time (s) |Count             |Linear Reg. Rate  |Rate From Previous|Rate From First   |
|------------|-------------|--------------|---------|------------------|------------------|------------------|------------------|
|          1 |           1 |1565122884043 |       0 |        9,467,648 |                  |                  |                  |
|          2 |           2 |1565122954005 |      69 |       21,676,855 |          174,512 |          174,512 |          174,512 |
|          3 |           3 |1565123024036 |     139 |       30,910,137 |          153,165 |          131,846 |          153,168 |
|          4 |           4 |1565123094004 |     209 |       39,996,003 |          144,043 |          129,857 |          145,400 |
|          5 |           5 |1565123164004 |     279 |       40,000,000 |          113,418 |               57 |          109,059 |

For last 70  seconds the count has not increased...
Removing sample: 349|40000000
Total Count: 40,000,000 | Linear Regression Rate:  144,043 | Linear Regression Standard Error: 7.62 | Average Rate: 145,400

Start Count: 40000000
Watching for changes in count...  Use Ctrl-C to Exit.

|Query Number|Sample Number|Epoch (ms)    |Time (s) |Count             |Linear Reg. Rate  |Rate From Previous|Rate From First   |
|------------|-------------|--------------|---------|------------------|------------------|------------------|------------------|
