Start Count: 40000000
Watching for changes in count...  Use Ctrl-C to Exit.

|Query Number|Sample Number|Epoch (ms)    |Time (s) |Count             |Linear Reg. Rate  |Rate From Previous|Rate From First   |
|------------|-------------|--------------|---------|------------------|------------------|------------------|------------------|
Count decreased...
Start Count: 0
Watching for changes in count...  Use Ctrl-C to Exit.

|Query Number|Sample Number|Epoch (ms)    |Time (s) |Count             |Linear Reg. Rate  |Rate From Previous|Rate From First   |
|------------|-------------|--------------|---------|------------------|------------------|------------------|------------------|
|          1 |           1 |1565051973871 |       0 |        4,253,529 |                  |                  |                  |
|          2 |           2 |1565052043873 |      70 |       17,191,083 |          184,817 |          184,817 |          184,817 |
|          3 |           3 |1565052113924 |     140 |       28,753,161 |          174,930 |          165,052 |          174,931 |
|          4 |           4 |1565052183866 |     209 |       39,475,201 |          167,460 |          153,299 |          167,726 |
|          5 |           5 |1565052253865 |     279 |       40,000,000 |          133,974 |            7,497 |          127,669 |

For last 70  seconds the count has not increased...
Removing sample: 349|40000000
Total Count: 40,000,000 | Linear Regression Rate:  167,460 | Linear Regression Standard Error: 5.01 | Average Rate: 167,726

Start Count: 40000000
Watching for changes in count...  Use Ctrl-C to Exit.

|Query Number|Sample Number|Epoch (ms)    |Time (s) |Count             |Linear Reg. Rate  |Rate From Previous|Rate From First   |
|------------|-------------|--------------|---------|------------------|------------------|------------------|------------------|
Count decreased...
Start Count: 0
Watching for changes in count...  Use Ctrl-C to Exit.

|Query Number|Sample Number|Epoch (ms)    |Time (s) |Count             |Linear Reg. Rate  |Rate From Previous|Rate From First   |
|------------|-------------|--------------|---------|------------------|------------------|------------------|------------------|
|          1 |           1 |1565052883869 |       0 |       10,752,825 |                  |                  |                  |
|          2 |           2 |1565052953871 |      70 |       22,410,668 |          166,536 |          166,536 |          166,536 |
|          3 |           3 |1565053023977 |     140 |       33,050,360 |          159,144 |          151,766 |          159,145 |
|          4 |           4 |1565053093869 |     210 |       40,000,000 |          140,530 |           99,434 |          139,272 |

For last 70  seconds the count has not increased...
Removing sample: 280|40000000
Total Count: 40,000,000 | Linear Regression Rate:  159,144 | Linear Regression Standard Error: 4.26 | Average Rate: 159,145

Start Count: 40000000
Watching for changes in count...  Use Ctrl-C to Exit.

|Query Number|Sample Number|Epoch (ms)    |Time (s) |Count             |Linear Reg. Rate  |Rate From Previous|Rate From First   |
|------------|-------------|--------------|---------|------------------|------------------|------------------|------------------|
Count decreased...
Start Count: 0
Watching for changes in count...  Use Ctrl-C to Exit.

|Query Number|Sample Number|Epoch (ms)    |Time (s) |Count             |Linear Reg. Rate  |Rate From Previous|Rate From First   |
|------------|-------------|--------------|---------|------------------|------------------|------------------|------------------|
|          1 |           1 |1565053793870 |       0 |       10,398,168 |                  |                  |                  |
|          2 |           2 |1565053863871 |      70 |       32,946,444 |          322,114 |          322,114 |          322,114 |
|          3 |           3 |1565053933871 |     140 |       40,000,000 |          211,440 |          100,765 |          211,440 |

For last 70  seconds the count has not increased...
Removing sample: 211|40000000
Total Count: 40,000,000 | Linear Regression Rate:  322,114 | Average Rate: 322,114

Start Count: 40000000
Watching for changes in count...  Use Ctrl-C to Exit.

|Query Number|Sample Number|Epoch (ms)    |Time (s) |Count             |Linear Reg. Rate  |Rate From Previous|Rate From First   |
|------------|-------------|--------------|---------|------------------|------------------|------------------|------------------|
Count decreased...
Start Count: 0
Watching for changes in count...  Use Ctrl-C to Exit.

|Query Number|Sample Number|Epoch (ms)    |Time (s) |Count             |Linear Reg. Rate  |Rate From Previous|Rate From First   |
|------------|-------------|--------------|---------|------------------|------------------|------------------|------------------|
|          1 |           1 |1565054633870 |       0 |       10,718,944 |                  |                  |                  |
|          2 |           2 |1565054703872 |      70 |       22,563,576 |          169,204 |          169,204 |          169,204 |
|          3 |           3 |1565054774483 |     140 |       33,684,474 |          163,316 |          157,495 |          163,324 |
|          4 |           4 |1565054843871 |     210 |       40,000,000 |          141,302 |           91,018 |          139,433 |

For last 70  seconds the count has not increased...
Removing sample: 280|40000000
Total Count: 40,000,000 | Linear Regression Rate:  163,316 | Linear Regression Standard Error: 3.38 | Average Rate: 163,324

Start Count: 40000000
Watching for changes in count...  Use Ctrl-C to Exit.

|Query Number|Sample Number|Epoch (ms)    |Time (s) |Count             |Linear Reg. Rate  |Rate From Previous|Rate From First   |
|------------|-------------|--------------|---------|------------------|------------------|------------------|------------------|
Count decreased...
Start Count: 0
Watching for changes in count...  Use Ctrl-C to Exit.

|Query Number|Sample Number|Epoch (ms)    |Time (s) |Count             |Linear Reg. Rate  |Rate From Previous|Rate From First   |
|------------|-------------|--------------|---------|------------------|------------------|------------------|------------------|
|          1 |           1 |1565055543875 |       0 |       10,784,378 |                  |                  |                  |
|          2 |           2 |1565055613875 |      70 |       22,397,911 |          165,908 |          165,908 |          165,908 |
|          3 |           3 |1565055683877 |     140 |       36,597,999 |          184,380 |          202,853 |          184,380 |
|          4 |           4 |1565055753873 |     209 |       40,000,000 |          145,497 |           48,603 |          139,123 |

For last 70  seconds the count has not increased...
Removing sample: 279|40000000
Total Count: 40,000,000 | Linear Regression Rate:  184,380 | Linear Regression Standard Error: 10.67 | Average Rate: 184,380

Start Count: 40000000
Watching for changes in count...  Use Ctrl-C to Exit.

|Query Number|Sample Number|Epoch (ms)    |Time (s) |Count             |Linear Reg. Rate  |Rate From Previous|Rate From First   |
|------------|-------------|--------------|---------|------------------|------------------|------------------|------------------|
Count decreased...
Start Count: 0
Watching for changes in count...  Use Ctrl-C to Exit.

|Query Number|Sample Number|Epoch (ms)    |Time (s) |Count             |Linear Reg. Rate  |Rate From Previous|Rate From First   |
|------------|-------------|--------------|---------|------------------|------------------|------------------|------------------|
|          1 |           1 |1565056383875 |       0 |       10,856,895 |                  |                  |                  |
|          2 |           2 |1565056453882 |      70 |       22,642,213 |          168,345 |          168,345 |          168,345 |
|          3 |           3 |1565056523878 |     140 |       33,673,676 |          162,974 |          157,601 |          162,974 |
|          4 |           4 |1565056593875 |     210 |       40,000,000 |          140,660 |           90,380 |          138,777 |

For last 70  seconds the count has not increased...
Removing sample: 280|40000000
Total Count: 40,000,000 | Linear Regression Rate:  162,974 | Linear Regression Standard Error: 3.10 | Average Rate: 162,974

Start Count: 40000000
Watching for changes in count...  Use Ctrl-C to Exit.

|Query Number|Sample Number|Epoch (ms)    |Time (s) |Count             |Linear Reg. Rate  |Rate From Previous|Rate From First   |
|------------|-------------|--------------|---------|------------------|------------------|------------------|------------------|
Count decreased...
Start Count: 0
Watching for changes in count...  Use Ctrl-C to Exit.

|Query Number|Sample Number|Epoch (ms)    |Time (s) |Count             |Linear Reg. Rate  |Rate From Previous|Rate From First   |
|------------|-------------|--------------|---------|------------------|------------------|------------------|------------------|
|          1 |           1 |1565057293878 |       0 |       10,709,221 |                  |                  |                  |
|          2 |           2 |1565057363880 |      70 |       23,204,483 |          178,499 |          178,499 |          178,499 |
|          3 |           3 |1565057433881 |     140 |       34,779,190 |          171,925 |          165,351 |          171,925 |
|          4 |           4 |1565057503879 |     210 |       40,000,000 |          142,067 |           74,585 |          139,479 |

For last 70  seconds the count has not increased...
Removing sample: 280|40000000
Total Count: 40,000,000 | Linear Regression Rate:  171,925 | Linear Regression Standard Error: 3.80 | Average Rate: 171,925

Start Count: 40000000
Watching for changes in count...  Use Ctrl-C to Exit.

|Query Number|Sample Number|Epoch (ms)    |Time (s) |Count             |Linear Reg. Rate  |Rate From Previous|Rate From First   |
|------------|-------------|--------------|---------|------------------|------------------|------------------|------------------|
Count decreased...
Start Count: 0
Watching for changes in count...  Use Ctrl-C to Exit.

|Query Number|Sample Number|Epoch (ms)    |Time (s) |Count             |Linear Reg. Rate  |Rate From Previous|Rate From First   |
|------------|-------------|--------------|---------|------------------|------------------|------------------|------------------|
|          1 |           1 |1565058133927 |       0 |       10,928,702 |                  |                  |                  |
|          2 |           2 |1565058203979 |      70 |       21,968,871 |          157,600 |          157,600 |          157,600 |
|          3 |           3 |1565058273879 |     139 |       32,818,805 |          156,412 |          155,221 |          156,412 |
|          4 |           4 |1565058343879 |     209 |       40,000,000 |          140,140 |          102,589 |          138,466 |

For last 70  seconds the count has not increased...
Removing sample: 279|40000000
Total Count: 40,000,000 | Linear Regression Rate:  156,412 | Linear Regression Standard Error: 0.69 | Average Rate: 156,412

Start Count: 40000000
Watching for changes in count...  Use Ctrl-C to Exit.

|Query Number|Sample Number|Epoch (ms)    |Time (s) |Count             |Linear Reg. Rate  |Rate From Previous|Rate From First   |
|------------|-------------|--------------|---------|------------------|------------------|------------------|------------------|
Count decreased...
Start Count: 0
Watching for changes in count...  Use Ctrl-C to Exit.

|Query Number|Sample Number|Epoch (ms)    |Time (s) |Count             |Linear Reg. Rate  |Rate From Previous|Rate From First   |
|------------|-------------|--------------|---------|------------------|------------------|------------------|------------------|
|          1 |           1 |1565059043886 |       0 |       10,899,906 |                  |                  |                  |
|          2 |           2 |1565059113888 |      70 |       22,291,207 |          162,728 |          162,728 |          162,728 |
|          3 |           3 |1565059183880 |     139 |       33,026,353 |          158,053 |          153,377 |          158,053 |
|          4 |           4 |1565059253879 |     209 |       40,000,000 |          140,056 |           99,625 |          138,576 |

For last 70  seconds the count has not increased...
Removing sample: 279|40000000
Total Count: 40,000,000 | Linear Regression Rate:  158,053 | Linear Regression Standard Error: 2.70 | Average Rate: 158,053

Start Count: 40000000
Watching for changes in count...  Use Ctrl-C to Exit.

|Query Number|Sample Number|Epoch (ms)    |Time (s) |Count             |Linear Reg. Rate  |Rate From Previous|Rate From First   |
|------------|-------------|--------------|---------|------------------|------------------|------------------|------------------|
Count decreased...
Start Count: 0
Watching for changes in count...  Use Ctrl-C to Exit.

|Query Number|Sample Number|Epoch (ms)    |Time (s) |Count             |Linear Reg. Rate  |Rate From Previous|Rate From First   |
|------------|-------------|--------------|---------|------------------|------------------|------------------|------------------|
|          1 |           1 |1565059953883 |       0 |       14,695,619 |                  |                  |                  |
|          2 |           2 |1565060023886 |      70 |       32,879,704 |          259,762 |          259,762 |          259,762 |
|          3 |           3 |1565060093884 |     140 |       40,000,000 |          180,745 |          101,721 |          180,744 |

For last 70  seconds the count has not increased...
Removing sample: 209|40000000
Total Count: 40,000,000 | Linear Regression Rate:  259,762 | Average Rate: 259,762

Start Count: 40000000
Watching for changes in count...  Use Ctrl-C to Exit.

|Query Number|Sample Number|Epoch (ms)    |Time (s) |Count             |Linear Reg. Rate  |Rate From Previous|Rate From First   |
|------------|-------------|--------------|---------|------------------|------------------|------------------|------------------|
Count decreased...
Start Count: 0
Watching for changes in count...  Use Ctrl-C to Exit.

|Query Number|Sample Number|Epoch (ms)    |Time (s) |Count             |Linear Reg. Rate  |Rate From Previous|Rate From First   |
|------------|-------------|--------------|---------|------------------|------------------|------------------|------------------|
|          1 |           1 |1565060793885 |       0 |       10,900,000 |                  |                  |                  |
|          2 |           2 |1565060863884 |      69 |       22,531,862 |          166,172 |          166,172 |          166,172 |
|          3 |           3 |1565060933886 |     140 |       33,688,532 |          162,774 |          159,376 |          162,774 |
|          4 |           4 |1565061003885 |     210 |       40,000,000 |          140,652 |           90,165 |          138,571 |

For last 70  seconds the count has not increased...
Removing sample: 280|40000000
Total Count: 40,000,000 | Linear Regression Rate:  162,774 | Linear Regression Standard Error: 1.96 | Average Rate: 162,774

Start Count: 40000000
Watching for changes in count...  Use Ctrl-C to Exit.

|Query Number|Sample Number|Epoch (ms)    |Time (s) |Count             |Linear Reg. Rate  |Rate From Previous|Rate From First   |
|------------|-------------|--------------|---------|------------------|------------------|------------------|------------------|
Count decreased...
Start Count: 0
Watching for changes in count...  Use Ctrl-C to Exit.

|Query Number|Sample Number|Epoch (ms)    |Time (s) |Count             |Linear Reg. Rate  |Rate From Previous|Rate From First   |
|------------|-------------|--------------|---------|------------------|------------------|------------------|------------------|
|          1 |           1 |1565061703890 |       0 |       10,723,197 |                  |                  |                  |
|          2 |           2 |1565061773889 |      69 |       24,873,983 |          202,157 |          202,157 |          202,157 |
|          3 |           3 |1565061843894 |     140 |       40,000,000 |          209,114 |          216,071 |          209,114 |

For last 70  seconds the count has not increased...
Removing sample: 210|40000000
Total Count: 40,000,000 | Linear Regression Rate:  202,157 | Average Rate: 202,157

Start Count: 40000000
Watching for changes in count...  Use Ctrl-C to Exit.

|Query Number|Sample Number|Epoch (ms)    |Time (s) |Count             |Linear Reg. Rate  |Rate From Previous|Rate From First   |
|------------|-------------|--------------|---------|------------------|------------------|------------------|------------------|
Count decreased...
Start Count: 0
Watching for changes in count...  Use Ctrl-C to Exit.

|Query Number|Sample Number|Epoch (ms)    |Time (s) |Count             |Linear Reg. Rate  |Rate From Previous|Rate From First   |
|------------|-------------|--------------|---------|------------------|------------------|------------------|------------------|
|          1 |           1 |1565062543893 |       0 |       10,759,233 |                  |                  |                  |
|          2 |           2 |1565062613899 |      70 |       22,411,894 |          166,452 |          166,452 |          166,452 |
|          3 |           3 |1565062683892 |     139 |       33,178,811 |          160,141 |          153,828 |          160,141 |
|          4 |           4 |1565062753890 |     209 |       40,000,000 |          140,702 |           97,448 |          139,244 |

For last 70  seconds the count has not increased...
Removing sample: 280|40000000
Total Count: 40,000,000 | Linear Regression Rate:  160,141 | Linear Regression Standard Error: 3.64 | Average Rate: 160,141

Start Count: 40000000
Watching for changes in count...  Use Ctrl-C to Exit.

|Query Number|Sample Number|Epoch (ms)    |Time (s) |Count             |Linear Reg. Rate  |Rate From Previous|Rate From First   |
|------------|-------------|--------------|---------|------------------|------------------|------------------|------------------|
Count decreased...
Start Count: 0
Watching for changes in count...  Use Ctrl-C to Exit.

|Query Number|Sample Number|Epoch (ms)    |Time (s) |Count             |Linear Reg. Rate  |Rate From Previous|Rate From First   |
|------------|-------------|--------------|---------|------------------|------------------|------------------|------------------|
|          1 |           1 |1565063453908 |       0 |       10,825,000 |                  |                  |                  |
|          2 |           2 |1565063523892 |      69 |       22,801,295 |          171,129 |          171,129 |          171,129 |
|          3 |           3 |1565063593903 |     139 |       33,980,748 |          165,404 |          159,681 |          165,404 |
|          4 |           4 |1565063663893 |     209 |       40,000,000 |          141,013 |           86,002 |          138,938 |

For last 70  seconds the count has not increased...
Removing sample: 279|40000000
Total Count: 40,000,000 | Linear Regression Rate:  165,404 | Linear Regression Standard Error: 3.30 | Average Rate: 165,404

Start Count: 40000000
Watching for changes in count...  Use Ctrl-C to Exit.

|Query Number|Sample Number|Epoch (ms)    |Time (s) |Count             |Linear Reg. Rate  |Rate From Previous|Rate From First   |
|------------|-------------|--------------|---------|------------------|------------------|------------------|------------------|
Count decreased...
Start Count: 0
Watching for changes in count...  Use Ctrl-C to Exit.

|Query Number|Sample Number|Epoch (ms)    |Time (s) |Count             |Linear Reg. Rate  |Rate From Previous|Rate From First   |
|------------|-------------|--------------|---------|------------------|------------------|------------------|------------------|
|          1 |           1 |1565064293899 |       0 |       10,860,371 |                  |                  |                  |
|          2 |           2 |1565064363894 |      69 |       22,099,971 |          160,577 |          160,577 |          160,577 |
|          3 |           3 |1565064433968 |     140 |       32,765,474 |          156,387 |          152,203 |          156,388 |
|          4 |           4 |1565064503899 |     210 |       40,000,000 |          140,110 |          103,452 |          138,760 |

For last 70  seconds the count has not increased...
Removing sample: 279|40000000
Total Count: 40,000,000 | Linear Regression Rate:  156,387 | Linear Regression Standard Error: 2.42 | Average Rate: 156,388

Start Count: 40000000
Watching for changes in count...  Use Ctrl-C to Exit.

|Query Number|Sample Number|Epoch (ms)    |Time (s) |Count             |Linear Reg. Rate  |Rate From Previous|Rate From First   |
|------------|-------------|--------------|---------|------------------|------------------|------------------|------------------|
Count decreased...
Start Count: 0
Watching for changes in count...  Use Ctrl-C to Exit.

|Query Number|Sample Number|Epoch (ms)    |Time (s) |Count             |Linear Reg. Rate  |Rate From Previous|Rate From First   |
|------------|-------------|--------------|---------|------------------|------------------|------------------|------------------|
|          1 |           1 |1565065203969 |       0 |       10,767,421 |                  |                  |                  |
|          2 |           2 |1565065273981 |      70 |       21,791,718 |          157,463 |          157,463 |          157,463 |
|          3 |           3 |1565065343896 |     139 |       32,555,384 |          155,710 |          153,954 |          155,709 |
|          4 |           4 |1565065413893 |     209 |       40,000,000 |          140,721 |          106,356 |          139,253 |

For last 70  seconds the count has not increased...
Removing sample: 279|40000000
Total Count: 40,000,000 | Linear Regression Rate:  155,710 | Linear Regression Standard Error: 1.01 | Average Rate: 155,709

Start Count: 40000000
Watching for changes in count...  Use Ctrl-C to Exit.

|Query Number|Sample Number|Epoch (ms)    |Time (s) |Count             |Linear Reg. Rate  |Rate From Previous|Rate From First   |
|------------|-------------|--------------|---------|------------------|------------------|------------------|------------------|
Count decreased...
Start Count: 0
Watching for changes in count...  Use Ctrl-C to Exit.

|Query Number|Sample Number|Epoch (ms)    |Time (s) |Count             |Linear Reg. Rate  |Rate From Previous|Rate From First   |
|------------|-------------|--------------|---------|------------------|------------------|------------------|------------------|
|          1 |           1 |1565066113896 |       0 |       18,090,002 |                  |                  |                  |
|          2 |           2 |1565066183896 |      70 |       31,819,385 |          196,134 |          196,134 |          196,134 |
|          3 |           3 |1565066253896 |     140 |       40,000,000 |          156,500 |          116,866 |          156,500 |

For last 70  seconds the count has not increased...
Removing sample: 209|40000000
Total Count: 40,000,000 | Linear Regression Rate:  196,134 | Average Rate: 196,134

Start Count: 40000000
Watching for changes in count...  Use Ctrl-C to Exit.

|Query Number|Sample Number|Epoch (ms)    |Time (s) |Count             |Linear Reg. Rate  |Rate From Previous|Rate From First   |
|------------|-------------|--------------|---------|------------------|------------------|------------------|------------------|
Count decreased...
Start Count: 0
Watching for changes in count...  Use Ctrl-C to Exit.

|Query Number|Sample Number|Epoch (ms)    |Time (s) |Count             |Linear Reg. Rate  |Rate From Previous|Rate From First   |
|------------|-------------|--------------|---------|------------------|------------------|------------------|------------------|
|          1 |           1 |1565066953901 |       0 |       10,806,891 |                  |                  |                  |
|          2 |           2 |1565067023928 |      70 |       22,908,419 |          172,812 |          172,812 |          172,812 |
|          3 |           3 |1565067093898 |     139 |       34,040,146 |          165,956 |          159,093 |          165,955 |
|          4 |           4 |1565067163896 |     209 |       40,000,000 |          141,026 |           85,143 |          139,018 |

For last 70  seconds the count has not increased...
Removing sample: 279|40000000
Total Count: 40,000,000 | Linear Regression Rate:  165,956 | Linear Regression Standard Error: 3.96 | Average Rate: 165,955

Start Count: 40000000
Watching for changes in count...  Use Ctrl-C to Exit.

|Query Number|Sample Number|Epoch (ms)    |Time (s) |Count             |Linear Reg. Rate  |Rate From Previous|Rate From First   |
|------------|-------------|--------------|---------|------------------|------------------|------------------|------------------|
Count decreased...
Start Count: 0
Watching for changes in count...  Use Ctrl-C to Exit.

|Query Number|Sample Number|Epoch (ms)    |Time (s) |Count             |Linear Reg. Rate  |Rate From Previous|Rate From First   |
|------------|-------------|--------------|---------|------------------|------------------|------------------|------------------|
|          1 |           1 |1565067863951 |       0 |       10,705,364 |                  |                  |                  |
|          2 |           2 |1565067933900 |      69 |       21,805,378 |          158,687 |          158,687 |          158,687 |
|          3 |           3 |1565068003902 |     139 |       40,000,000 |          209,327 |          259,916 |          209,321 |

For last 70  seconds the count has not increased...
Removing sample: 209|40000000
Total Count: 40,000,000 | Linear Regression Rate:  158,687 | Average Rate: 158,687

Start Count: 40000000
Watching for changes in count...  Use Ctrl-C to Exit.

|Query Number|Sample Number|Epoch (ms)    |Time (s) |Count             |Linear Reg. Rate  |Rate From Previous|Rate From First   |
|------------|-------------|--------------|---------|------------------|------------------|------------------|------------------|
Count decreased...
Start Count: 0
Watching for changes in count...  Use Ctrl-C to Exit.

|Query Number|Sample Number|Epoch (ms)    |Time (s) |Count             |Linear Reg. Rate  |Rate From Previous|Rate From First   |
|------------|-------------|--------------|---------|------------------|------------------|------------------|------------------|
|          1 |           1 |1565068703918 |       0 |       10,614,794 |                  |                  |                  |
|          2 |           2 |1565068773901 |      69 |       22,222,095 |          165,859 |          165,859 |          165,859 |
|          3 |           3 |1565068843902 |     139 |       33,025,565 |          160,095 |          154,333 |          160,095 |
|          4 |           4 |1565068913905 |     209 |       40,000,000 |          141,377 |           99,631 |          139,938 |

For last 70  seconds the count has not increased...
Removing sample: 279|40000000
Total Count: 40,000,000 | Linear Regression Rate:  160,095 | Linear Regression Standard Error: 3.33 | Average Rate: 160,095

Start Count: 40000000
Watching for changes in count...  Use Ctrl-C to Exit.

|Query Number|Sample Number|Epoch (ms)    |Time (s) |Count             |Linear Reg. Rate  |Rate From Previous|Rate From First   |
|------------|-------------|--------------|---------|------------------|------------------|------------------|------------------|
Count decreased...
Start Count: 0
Watching for changes in count...  Use Ctrl-C to Exit.

|Query Number|Sample Number|Epoch (ms)    |Time (s) |Count             |Linear Reg. Rate  |Rate From Previous|Rate From First   |
|------------|-------------|--------------|---------|------------------|------------------|------------------|------------------|
|          1 |           1 |1565069613905 |       0 |       10,859,182 |                  |                  |                  |
|          2 |           2 |1565069683902 |      69 |       22,268,910 |          163,003 |          163,003 |          163,003 |
|          3 |           3 |1565069753904 |     139 |       32,707,432 |          156,060 |          149,117 |          156,060 |
|          4 |           4 |1565069823903 |     209 |       40,000,000 |          139,802 |          104,181 |          138,767 |

For last 70  seconds the count has not increased...
Removing sample: 279|40000000
Total Count: 40,000,000 | Linear Regression Rate:  156,060 | Linear Regression Standard Error: 4.01 | Average Rate: 156,060

Start Count: 40000000
Watching for changes in count...  Use Ctrl-C to Exit.

|Query Number|Sample Number|Epoch (ms)    |Time (s) |Count             |Linear Reg. Rate  |Rate From Previous|Rate From First   |
|------------|-------------|--------------|---------|------------------|------------------|------------------|------------------|
Count decreased...
Start Count: 0
Watching for changes in count...  Use Ctrl-C to Exit.

|Query Number|Sample Number|Epoch (ms)    |Time (s) |Count             |Linear Reg. Rate  |Rate From Previous|Rate From First   |
|------------|-------------|--------------|---------|------------------|------------------|------------------|------------------|
|          1 |           1 |1565070523902 |       0 |       10,920,159 |                  |                  |                  |
|          2 |           2 |1565070593902 |      70 |       31,672,248 |          296,458 |          296,458 |          296,458 |
|          3 |           3 |1565070663902 |     140 |       38,928,101 |          200,057 |          103,655 |          200,057 |
|          4 |           4 |1565070733902 |     210 |       40,000,000 |          134,993 |           15,313 |          138,475 |

For last 70  seconds the count has not increased...
Removing sample: 280|40000000
Total Count: 40,000,000 | Linear Regression Rate:  200,057 | Linear Regression Standard Error: 55.66 | Average Rate: 200,057

Start Count: 40000000
Watching for changes in count...  Use Ctrl-C to Exit.

|Query Number|Sample Number|Epoch (ms)    |Time (s) |Count             |Linear Reg. Rate  |Rate From Previous|Rate From First   |
|------------|-------------|--------------|---------|------------------|------------------|------------------|------------------|
Count decreased...
Start Count: 0
Watching for changes in count...  Use Ctrl-C to Exit.

|Query Number|Sample Number|Epoch (ms)    |Time (s) |Count             |Linear Reg. Rate  |Rate From Previous|Rate From First   |
|------------|-------------|--------------|---------|------------------|------------------|------------------|------------------|
|          1 |           1 |1565071363904 |       0 |       10,786,200 |                  |                  |                  |
|          2 |           2 |1565071433905 |      70 |       22,111,777 |          161,792 |          161,792 |          161,792 |
|          3 |           3 |1565071503904 |     140 |       32,775,657 |          157,068 |          152,343 |          157,068 |
|          4 |           4 |1565071573904 |     210 |       40,000,000 |          140,436 |          103,205 |          139,113 |

For last 70  seconds the count has not increased...
Removing sample: 280|40000000
Total Count: 40,000,000 | Linear Regression Rate:  157,068 | Linear Regression Standard Error: 2.73 | Average Rate: 157,068

Start Count: 40000000
Watching for changes in count...  Use Ctrl-C to Exit.

|Query Number|Sample Number|Epoch (ms)    |Time (s) |Count             |Linear Reg. Rate  |Rate From Previous|Rate From First   |
|------------|-------------|--------------|---------|------------------|------------------|------------------|------------------|
Count decreased...
Start Count: 0
Watching for changes in count...  Use Ctrl-C to Exit.

|Query Number|Sample Number|Epoch (ms)    |Time (s) |Count             |Linear Reg. Rate  |Rate From Previous|Rate From First   |
|------------|-------------|--------------|---------|------------------|------------------|------------------|------------------|
|          1 |           1 |1565072274396 |       0 |       10,892,250 |                  |                  |                  |
|          2 |           2 |1565072343907 |      69 |       22,922,611 |          173,071 |          173,071 |          173,071 |
|          3 |           3 |1565072413909 |     139 |       38,132,334 |          195,277 |          217,276 |          195,251 |
|          4 |           4 |1565072483906 |     209 |       40,000,000 |          146,749 |           26,682 |          138,933 |

For last 70  seconds the count has not increased...
Removing sample: 279|40000000
Total Count: 40,000,000 | Linear Regression Rate:  195,277 | Linear Regression Standard Error: 12.76 | Average Rate: 195,251

Start Count: 40000000
Watching for changes in count...  Use Ctrl-C to Exit.

|Query Number|Sample Number|Epoch (ms)    |Time (s) |Count             |Linear Reg. Rate  |Rate From Previous|Rate From First   |
|------------|-------------|--------------|---------|------------------|------------------|------------------|------------------|
Count decreased...
Start Count: 0
Watching for changes in count...  Use Ctrl-C to Exit.

|Query Number|Sample Number|Epoch (ms)    |Time (s) |Count             |Linear Reg. Rate  |Rate From Previous|Rate From First   |
|------------|-------------|--------------|---------|------------------|------------------|------------------|------------------|
|          1 |           1 |1565073113908 |       0 |       10,955,656 |                  |                  |                  |
|          2 |           2 |1565073183908 |      70 |       22,406,289 |          163,580 |          163,580 |          163,580 |
|          3 |           3 |1565073253908 |     140 |       32,473,191 |          153,697 |          143,813 |          153,697 |
|          4 |           4 |1565073323909 |     210 |       40,000,000 |          138,856 |          107,524 |          138,306 |

For last 70  seconds the count has not increased...
Removing sample: 280|40000000
Total Count: 40,000,000 | Linear Regression Rate:  153,697 | Linear Regression Standard Error: 5.71 | Average Rate: 153,697

Start Count: 40000000
Watching for changes in count...  Use Ctrl-C to Exit.

|Query Number|Sample Number|Epoch (ms)    |Time (s) |Count             |Linear Reg. Rate  |Rate From Previous|Rate From First   |
|------------|-------------|--------------|---------|------------------|------------------|------------------|------------------|
