Start Count: 0
Watching for changes in count...  Use Ctrl-C to Exit.

|Query Number|Sample Number|Epoch (ms)    |Time (s) |Count             |Linear Reg. Rate  |Rate From Previous|Rate From First   |
|------------|-------------|--------------|---------|------------------|------------------|------------------|------------------|
|          1 |           1 |1565731615275 |       0 |       43,346,186 |                  |                  |                  |
|          2 |           2 |1565731685302 |      70 |       81,245,981 |          541,217 |          541,217 |          541,217 |
|          3 |           3 |1565731755253 |     139 |      100,000,000 |          404,758 |          268,102 |          404,734 |

For last 70  seconds the count has not increased...
Removing sample: 209|100000000
Total Count: 100,000,000 | Linear Regression Rate:  541,217 | Average Rate: 541,217

Start Count: 100000000
Watching for changes in count...  Use Ctrl-C to Exit.

|Query Number|Sample Number|Epoch (ms)    |Time (s) |Count             |Linear Reg. Rate  |Rate From Previous|Rate From First   |
|------------|-------------|--------------|---------|------------------|------------------|------------------|------------------|
Count decreased...
Start Count: 0
Watching for changes in count...  Use Ctrl-C to Exit.

|Query Number|Sample Number|Epoch (ms)    |Time (s) |Count             |Linear Reg. Rate  |Rate From Previous|Rate From First   |
|------------|-------------|--------------|---------|------------------|------------------|------------------|------------------|
|          1 |           1 |1565732245262 |       0 |       26,612,784 |                  |                  |                  |
|          2 |           2 |1565732315250 |      69 |       56,744,862 |          430,532 |          430,532 |          430,532 |
Count decreased...
Start Count: 0
Watching for changes in count...  Use Ctrl-C to Exit.

|Query Number|Sample Number|Epoch (ms)    |Time (s) |Count             |Linear Reg. Rate  |Rate From Previous|Rate From First   |
|------------|-------------|--------------|---------|------------------|------------------|------------------|------------------|
|          1 |           1 |1565732595222 |       0 |       56,671,780 |                  |                  |                  |
|          2 |           2 |1565732665247 |      70 |       87,708,465 |          443,223 |          443,223 |          443,223 |
|          3 |           3 |1565732735220 |     139 |      100,000,000 |          309,508 |          175,661 |          309,492 |

For last 70  seconds the count has not increased...
Removing sample: 209|100000000
Total Count: 100,000,000 | Linear Regression Rate:  443,223 | Average Rate: 443,223

Start Count: 100000000
Watching for changes in count...  Use Ctrl-C to Exit.

|Query Number|Sample Number|Epoch (ms)    |Time (s) |Count             |Linear Reg. Rate  |Rate From Previous|Rate From First   |
|------------|-------------|--------------|---------|------------------|------------------|------------------|------------------|
Count decreased...
Start Count: 0
Watching for changes in count...  Use Ctrl-C to Exit.

|Query Number|Sample Number|Epoch (ms)    |Time (s) |Count             |Linear Reg. Rate  |Rate From Previous|Rate From First   |
|------------|-------------|--------------|---------|------------------|------------------|------------------|------------------|
|          1 |           1 |1565733365254 |       0 |       26,445,125 |                  |                  |                  |
|          2 |           2 |1565733435254 |      70 |       56,758,686 |          433,051 |          433,051 |          433,051 |
|          3 |           3 |1565733505230 |     139 |       87,633,926 |          437,138 |          441,226 |          437,138 |
|          4 |           4 |1565733575219 |     209 |      100,000,000 |          359,409 |          176,686 |          350,320 |

For last 70  seconds the count has not increased...
Removing sample: 279|100000000
Total Count: 100,000,000 | Linear Regression Rate:  437,138 | Linear Regression Standard Error: 2.36 | Average Rate: 437,138

Start Count: 100000000
Watching for changes in count...  Use Ctrl-C to Exit.

|Query Number|Sample Number|Epoch (ms)    |Time (s) |Count             |Linear Reg. Rate  |Rate From Previous|Rate From First   |
|------------|-------------|--------------|---------|------------------|------------------|------------------|------------------|
Count decreased...
Start Count: 0
Watching for changes in count...  Use Ctrl-C to Exit.

|Query Number|Sample Number|Epoch (ms)    |Time (s) |Count             |Linear Reg. Rate  |Rate From Previous|Rate From First   |
|------------|-------------|--------------|---------|------------------|------------------|------------------|------------------|
|          1 |           1 |1565733925248 |       0 |       26,396,804 |                  |                  |                  |
|          2 |           2 |1565733995219 |      69 |       56,629,996 |          432,082 |          432,082 |          432,082 |
|          3 |           3 |1565734065254 |     140 |       87,423,680 |          435,888 |          439,690 |          435,888 |
|          4 |           4 |1565734135221 |     209 |      100,000,000 |          359,463 |          179,746 |          350,536 |

For last 70  seconds the count has not increased...
Removing sample: 279|100000000
Total Count: 100,000,000 | Linear Regression Rate:  435,888 | Linear Regression Standard Error: 2.20 | Average Rate: 435,888

Start Count: 100000000
Watching for changes in count...  Use Ctrl-C to Exit.

|Query Number|Sample Number|Epoch (ms)    |Time (s) |Count             |Linear Reg. Rate  |Rate From Previous|Rate From First   |
|------------|-------------|--------------|---------|------------------|------------------|------------------|------------------|
Count decreased...
Start Count: 0
Watching for changes in count...  Use Ctrl-C to Exit.

|Query Number|Sample Number|Epoch (ms)    |Time (s) |Count             |Linear Reg. Rate  |Rate From Previous|Rate From First   |
|------------|-------------|--------------|---------|------------------|------------------|------------------|------------------|
|          1 |           1 |1565734835239 |       0 |       25,670,547 |                  |                  |                  |
|          2 |           2 |1565734905221 |      69 |       56,341,412 |          438,268 |          438,268 |          438,268 |
|          3 |           3 |1565734975222 |     139 |       87,182,229 |          439,423 |          440,577 |          439,423 |
|          4 |           4 |1565735045221 |     209 |      100,000,000 |          362,638 |          183,114 |          353,980 |

For last 70  seconds the count has not increased...
Removing sample: 279|100000000
Total Count: 100,000,000 | Linear Regression Rate:  439,423 | Linear Regression Standard Error: 0.67 | Average Rate: 439,423

Start Count: 100000000
Watching for changes in count...  Use Ctrl-C to Exit.

|Query Number|Sample Number|Epoch (ms)    |Time (s) |Count             |Linear Reg. Rate  |Rate From Previous|Rate From First   |
|------------|-------------|--------------|---------|------------------|------------------|------------------|------------------|
Count decreased...
Start Count: 0
Watching for changes in count...  Use Ctrl-C to Exit.

|Query Number|Sample Number|Epoch (ms)    |Time (s) |Count             |Linear Reg. Rate  |Rate From Previous|Rate From First   |
|------------|-------------|--------------|---------|------------------|------------------|------------------|------------------|
|          1 |           1 |1565735745298 |       0 |       26,555,971 |                  |                  |                  |
|          2 |           2 |1565735815223 |      69 |       56,703,879 |          431,146 |          431,146 |          431,146 |
|          3 |           3 |1565735885225 |     139 |       87,357,311 |          434,522 |          437,894 |          434,522 |
|          4 |           4 |1565735955221 |     209 |      100,000,000 |          358,659 |          180,620 |          349,862 |

For last 70  seconds the count has not increased...
Removing sample: 279|100000000
Total Count: 100,000,000 | Linear Regression Rate:  434,522 | Linear Regression Standard Error: 1.95 | Average Rate: 434,522

Start Count: 100000000
Watching for changes in count...  Use Ctrl-C to Exit.

|Query Number|Sample Number|Epoch (ms)    |Time (s) |Count             |Linear Reg. Rate  |Rate From Previous|Rate From First   |
|------------|-------------|--------------|---------|------------------|------------------|------------------|------------------|
Count decreased...
Start Count: 0
Watching for changes in count...  Use Ctrl-C to Exit.

|Query Number|Sample Number|Epoch (ms)    |Time (s) |Count             |Linear Reg. Rate  |Rate From Previous|Rate From First   |
|------------|-------------|--------------|---------|------------------|------------------|------------------|------------------|
|          1 |           1 |1565742465276 |       0 |       26,664,920 |                  |                  |                  |
|          2 |           2 |1565742535277 |      70 |       56,980,282 |          433,070 |          433,070 |          433,070 |
|          3 |           3 |1565742605229 |     139 |       87,729,917 |          436,325 |          439,582 |          436,325 |
|          4 |           4 |1565742675230 |     209 |      100,000,000 |          358,313 |          175,284 |          349,291 |

For last 70  seconds the count has not increased...
Removing sample: 279|100000000
Total Count: 100,000,000 | Linear Regression Rate:  436,325 | Linear Regression Standard Error: 1.88 | Average Rate: 436,325

Start Count: 100000000
Watching for changes in count...  Use Ctrl-C to Exit.

|Query Number|Sample Number|Epoch (ms)    |Time (s) |Count             |Linear Reg. Rate  |Rate From Previous|Rate From First   |
|------------|-------------|--------------|---------|------------------|------------------|------------------|------------------|
Count decreased...
Start Count: 0
Watching for changes in count...  Use Ctrl-C to Exit.

|Query Number|Sample Number|Epoch (ms)    |Time (s) |Count             |Linear Reg. Rate  |Rate From Previous|Rate From First   |
|------------|-------------|--------------|---------|------------------|------------------|------------------|------------------|
|          1 |           1 |1565743375253 |       0 |       26,641,383 |                  |                  |                  |
|          2 |           2 |1565743445284 |      70 |       56,950,861 |          432,801 |          432,801 |          432,801 |
|          3 |           3 |1565743515232 |     139 |       88,167,293 |          439,535 |          446,281 |          439,537 |
|          4 |           4 |1565743585232 |     209 |      100,000,000 |          359,048 |          169,039 |          349,362 |

For last 70  seconds the count has not increased...
Removing sample: 279|100000000
Total Count: 100,000,000 | Linear Regression Rate:  439,535 | Linear Regression Standard Error: 3.89 | Average Rate: 439,537

Start Count: 100000000
Watching for changes in count...  Use Ctrl-C to Exit.

|Query Number|Sample Number|Epoch (ms)    |Time (s) |Count             |Linear Reg. Rate  |Rate From Previous|Rate From First   |
|------------|-------------|--------------|---------|------------------|------------------|------------------|------------------|
Count decreased...
Start Count: 0
Watching for changes in count...  Use Ctrl-C to Exit.

|Query Number|Sample Number|Epoch (ms)    |Time (s) |Count             |Linear Reg. Rate  |Rate From Previous|Rate From First   |
|------------|-------------|--------------|---------|------------------|------------------|------------------|------------------|
|          1 |           1 |1565744425235 |       0 |       26,443,329 |                  |                  |                  |
|          2 |           2 |1565744495233 |      69 |       56,756,762 |          433,061 |          433,061 |          433,061 |
|          3 |           3 |1565744565234 |     139 |       87,891,493 |          438,919 |          444,776 |          438,919 |
|          4 |           4 |1565744635232 |     209 |      100,000,000 |          359,725 |          172,984 |          350,275 |

For last 70  seconds the count has not increased...
Removing sample: 279|100000000
Total Count: 100,000,000 | Linear Regression Rate:  438,919 | Linear Regression Standard Error: 3.38 | Average Rate: 438,919

Start Count: 100000000
Watching for changes in count...  Use Ctrl-C to Exit.

|Query Number|Sample Number|Epoch (ms)    |Time (s) |Count             |Linear Reg. Rate  |Rate From Previous|Rate From First   |
|------------|-------------|--------------|---------|------------------|------------------|------------------|------------------|
Count decreased...
Start Count: 0
Watching for changes in count...  Use Ctrl-C to Exit.

|Query Number|Sample Number|Epoch (ms)    |Time (s) |Count             |Linear Reg. Rate  |Rate From Previous|Rate From First   |
|------------|-------------|--------------|---------|------------------|------------------|------------------|------------------|
|          1 |           1 |1565745405245 |       0 |       52,304,804 |                  |                  |                  |
|          2 |           2 |1565745475234 |      69 |       88,323,414 |          514,632 |          514,632 |          514,632 |
|          3 |           3 |1565745545232 |     139 |      100,000,000 |          340,708 |          166,813 |          340,712 |

For last 70  seconds the count has not increased...
Removing sample: 209|100000000
Total Count: 100,000,000 | Linear Regression Rate:  514,632 | Average Rate: 514,632

Start Count: 100000000
Watching for changes in count...  Use Ctrl-C to Exit.

|Query Number|Sample Number|Epoch (ms)    |Time (s) |Count             |Linear Reg. Rate  |Rate From Previous|Rate From First   |
|------------|-------------|--------------|---------|------------------|------------------|------------------|------------------|
Count decreased...
Start Count: 0
Watching for changes in count...  Use Ctrl-C to Exit.

|Query Number|Sample Number|Epoch (ms)    |Time (s) |Count             |Linear Reg. Rate  |Rate From Previous|Rate From First   |
|------------|-------------|--------------|---------|------------------|------------------|------------------|------------------|
|          1 |           1 |1565746595263 |       0 |       26,450,616 |                  |                  |                  |
|          2 |           2 |1565746665235 |      69 |       58,530,218 |          458,463 |          458,463 |          458,463 |
|          3 |           3 |1565746735235 |     139 |      100,000,000 |          525,462 |          592,425 |          525,458 |

For last 70  seconds the count has not increased...
Removing sample: 209|100000000
Total Count: 100,000,000 | Linear Regression Rate:  458,463 | Average Rate: 458,463

Start Count: 100000000
Watching for changes in count...  Use Ctrl-C to Exit.

|Query Number|Sample Number|Epoch (ms)    |Time (s) |Count             |Linear Reg. Rate  |Rate From Previous|Rate From First   |
|------------|-------------|--------------|---------|------------------|------------------|------------------|------------------|
Count decreased...
Start Count: 0
Watching for changes in count...  Use Ctrl-C to Exit.

|Query Number|Sample Number|Epoch (ms)    |Time (s) |Count             |Linear Reg. Rate  |Rate From Previous|Rate From First   |
|------------|-------------|--------------|---------|------------------|------------------|------------------|------------------|
|          1 |           1 |1565747995235 |       0 |       22,762,178 |                  |                  |                  |
|          2 |           2 |1565748065248 |      70 |       54,503,901 |          453,369 |          453,369 |          453,369 |
|          3 |           3 |1565748135234 |     139 |       85,370,631 |          447,207 |          441,041 |          447,206 |
|          4 |           4 |1565748205234 |     209 |      100,000,000 |          375,125 |          208,991 |          367,801 |

For last 70  seconds the count has not increased...
Removing sample: 279|100000000
Total Count: 100,000,000 | Linear Regression Rate:  447,207 | Linear Regression Standard Error: 3.56 | Average Rate: 447,206

Start Count: 100000000
Watching for changes in count...  Use Ctrl-C to Exit.

|Query Number|Sample Number|Epoch (ms)    |Time (s) |Count             |Linear Reg. Rate  |Rate From Previous|Rate From First   |
|------------|-------------|--------------|---------|------------------|------------------|------------------|------------------|
Count decreased...
Start Count: 0
Watching for changes in count...  Use Ctrl-C to Exit.

|Query Number|Sample Number|Epoch (ms)    |Time (s) |Count             |Linear Reg. Rate  |Rate From Previous|Rate From First   |
|------------|-------------|--------------|---------|------------------|------------------|------------------|------------------|
|          1 |           1 |1565748905238 |       0 |       26,504,152 |                  |                  |                  |
|          2 |           2 |1565748975238 |      70 |       56,718,520 |          431,634 |          431,634 |          431,634 |
|          3 |           3 |1565749045266 |     140 |       87,562,530 |          436,044 |          440,453 |          436,044 |
|          4 |           4 |1565749115233 |     209 |      100,000,000 |          359,048 |          177,762 |          349,989 |

For last 70  seconds the count has not increased...
Removing sample: 279|100000000
Total Count: 100,000,000 | Linear Regression Rate:  436,044 | Linear Regression Standard Error: 2.55 | Average Rate: 436,044

Start Count: 100000000
Watching for changes in count...  Use Ctrl-C to Exit.

|Query Number|Sample Number|Epoch (ms)    |Time (s) |Count             |Linear Reg. Rate  |Rate From Previous|Rate From First   |
|------------|-------------|--------------|---------|------------------|------------------|------------------|------------------|
Count decreased...
Start Count: 0
Watching for changes in count...  Use Ctrl-C to Exit.

|Query Number|Sample Number|Epoch (ms)    |Time (s) |Count             |Linear Reg. Rate  |Rate From Previous|Rate From First   |
|------------|-------------|--------------|---------|------------------|------------------|------------------|------------------|
|          1 |           1 |1565750655235 |       0 |       26,789,331 |                  |                  |                  |
|          2 |           2 |1565750725235 |      70 |       57,153,102 |          433,768 |          433,768 |          433,768 |
|          3 |           3 |1565750795234 |     139 |       88,233,997 |          438,894 |          444,019 |          438,894 |
|          4 |           4 |1565750865234 |     209 |      100,000,000 |          358,163 |          168,086 |          348,624 |

For last 70  seconds the count has not increased...
Removing sample: 279|100000000
Total Count: 100,000,000 | Linear Regression Rate:  438,894 | Linear Regression Standard Error: 2.96 | Average Rate: 438,894

Start Count: 100000000
Watching for changes in count...  Use Ctrl-C to Exit.

|Query Number|Sample Number|Epoch (ms)    |Time (s) |Count             |Linear Reg. Rate  |Rate From Previous|Rate From First   |
|------------|-------------|--------------|---------|------------------|------------------|------------------|------------------|
Count decreased...
Start Count: 0
Watching for changes in count...  Use Ctrl-C to Exit.

|Query Number|Sample Number|Epoch (ms)    |Time (s) |Count             |Linear Reg. Rate  |Rate From Previous|Rate From First   |
|------------|-------------|--------------|---------|------------------|------------------|------------------|------------------|
|          1 |           1 |1565751565235 |       0 |       26,194,521 |                  |                  |                  |
|          2 |           2 |1565751635242 |      70 |       56,510,621 |          433,044 |          433,044 |          433,044 |
|          3 |           3 |1565751705237 |     140 |       87,044,644 |          434,637 |          436,231 |          434,638 |
|          4 |           4 |1565751775234 |     209 |      100,000,000 |          359,935 |          185,084 |          351,456 |

For last 70  seconds the count has not increased...
Removing sample: 280|100000000
Total Count: 100,000,000 | Linear Regression Rate:  434,637 | Linear Regression Standard Error: 0.92 | Average Rate: 434,638

Start Count: 100000000
Watching for changes in count...  Use Ctrl-C to Exit.

|Query Number|Sample Number|Epoch (ms)    |Time (s) |Count             |Linear Reg. Rate  |Rate From Previous|Rate From First   |
|------------|-------------|--------------|---------|------------------|------------------|------------------|------------------|
class java.net.UnknownHostException:datastore-elasticsearch-client: Name or service not known
Index may not exist
class java.net.UnknownHostException:datastore-elasticsearch-client: Name or service not known
Index may not exist
class java.net.UnknownHostException:datastore-elasticsearch-client: Name or service not known
Index may not exist
class java.net.UnknownHostException:datastore-elasticsearch-client: Name or service not known
Index may not exist
class java.net.UnknownHostException:datastore-elasticsearch-client: Name or service not known
Index may not exist
class java.net.UnknownHostException:datastore-elasticsearch-client: Name or service not known
Index may not exist
class java.net.UnknownHostException:datastore-elasticsearch-client: Name or service not known
Index may not exist
class org.apache.http.conn.HttpHostConnectException:Connect to datastore-elasticsearch-client:9200 [datastore-elasticsearch-client/10.100.62.47] failed: Connection refused (Connection refused)
Index may not exist
Index may not exist
Index may not exist
Index may not exist
Index may not exist
Index may not exist
Index may not exist
Index may not exist
Index may not exist
Index may not exist
Index may not exist
Index may not exist
Index may not exist
Index may not exist
Index may not exist
